{"meta": {"format": 3, "version": "7.13.3", "timestamp": "2026-02-07T16:30:35.737815", "branch_coverage": false, "show_contexts": false}, "files": {"src/aws_cli_mcp/__init__.py": {"executed_lines": [3, 5, 9], "summary": {"covered_lines": 3, "num_statements": 3, "percent_covered": 100.0, "percent_covered_display": "100", "missing_lines": 0, "excluded_lines": 0, "percent_statements_covered": 100.0, "percent_statements_covered_display": "100"}, "missing_lines": [], "excluded_lines": [], "functions": {"": {"executed_lines": [3, 5, 9], "summary": {"covered_lines": 3, "num_statements": 3, "percent_covered": 100.0, "percent_covered_display": "100", "missing_lines": 0, "excluded_lines": 0, "percent_statements_covered": 100.0, "percent_statements_covered_display": "100"}, "missing_lines": [], "excluded_lines": [], "start_line": 1}}, "classes": {"": {"executed_lines": [3, 5, 9], "summary": {"covered_lines": 3, "num_statements": 3, "percent_covered": 100.0, "percent_covered_display": "100", "missing_lines": 0, "excluded_lines": 0, "percent_statements_covered": 100.0, "percent_statements_covered_display": "100"}, "missing_lines": [], "excluded_lines": [], "start_line": 1}}}, "src/aws_cli_mcp/app.py": {"executed_lines": [3, 5, 6, 7, 9, 10, 11, 12, 13, 14, 15, 16, 17, 18, 19, 20, 23, 24, 31, 32, 33, 34, 35, 36, 37, 40, 41, 47, 48, 49, 51, 52, 54, 55, 57, 58, 59, 60, 62, 63, 66, 71, 73, 74, 76, 83], "summary": {"covered_lines": 46, "num_statements": 47, "percent_covered": 97.87234042553192, "percent_covered_display": "98", "missing_lines": 1, "excluded_lines": 0, "percent_statements_covered": 97.87234042553192, "percent_statements_covered_display": "98"}, "missing_lines": [64], "excluded_lines": [], "functions": {"get_app_context": {"executed_lines": [47, 48, 49, 51, 52, 54, 55, 57, 58, 59, 60, 62, 63, 66, 71, 73, 74, 76, 83], "summary": {"covered_lines": 19, "num_statements": 20, "percent_covered": 95.0, "percent_covered_display": "95", "missing_lines": 1, "excluded_lines": 0, "percent_statements_covered": 95.0, "percent_statements_covered_display": "95"}, "missing_lines": [64], "excluded_lines": [], "start_line": 41}, "": {"executed_lines": [3, 5, 6, 7, 9, 10, 11, 12, 13, 14, 15, 16, 17, 18, 19, 20, 23, 24, 31, 32, 33, 34, 35, 36, 37, 40, 41], "summary": {"covered_lines": 27, "num_statements": 27, "percent_covered": 100.0, "percent_covered_display": "100", "missing_lines": 0, "excluded_lines": 0, "percent_statements_covered": 100.0, "percent_statements_covered_display": "100"}, "missing_lines": [], "excluded_lines": [], "start_line": 1}}, "classes": {"AppContext": {"executed_lines": [], "summary": {"covered_lines": 0, "num_statements": 0, "percent_covered": 100.0, "percent_covered_display": "100", "missing_lines": 0, "excluded_lines": 0, "percent_statements_covered": 100.0, "percent_statements_covered_display": "100"}, "missing_lines": [], "excluded_lines": [], "start_line": 24}, "": {"executed_lines": [3, 5, 6, 7, 9, 10, 11, 12, 13, 14, 15, 16, 17, 18, 19, 20, 23, 24, 31, 32, 33, 34, 35, 36, 37, 40, 41, 47, 48, 49, 51, 52, 54, 55, 57, 58, 59, 60, 62, 63, 66, 71, 73, 74, 76, 83], "summary": {"covered_lines": 46, "num_statements": 47, "percent_covered": 97.87234042553192, "percent_covered_display": "98", "missing_lines": 1, "excluded_lines": 0, "percent_statements_covered": 97.87234042553192, "percent_statements_covered_display": "98"}, "missing_lines": [64], "excluded_lines": [], "start_line": 1}}}, "src/aws_cli_mcp/audit/__init__.py": {"executed_lines": [], "summary": {"covered_lines": 0, "num_statements": 0, "percent_covered": 100.0, "percent_covered_display": "100", "missing_lines": 0, "excluded_lines": 0, "percent_statements_covered": 100.0, "percent_statements_covered_display": "100"}, "missing_lines": [], "excluded_lines": [], "functions": {"": {"executed_lines": [], "summary": {"covered_lines": 0, "num_statements": 0, "percent_covered": 100.0, "percent_covered_display": "100", "missing_lines": 0, "excluded_lines": 0, "percent_statements_covered": 100.0, "percent_statements_covered_display": "100"}, "missing_lines": [], "excluded_lines": [], "start_line": 1}}, "classes": {"": {"executed_lines": [], "summary": {"covered_lines": 0, "num_statements": 0, "percent_covered": 100.0, "percent_covered_display": "100", "missing_lines": 0, "excluded_lines": 0, "percent_statements_covered": 100.0, "percent_statements_covered_display": "100"}, "missing_lines": [], "excluded_lines": [], "start_line": 1}}}, "src/aws_cli_mcp/audit/artifacts.py": {"executed_lines": [3, 5, 6, 7, 9, 10, 11, 12, 15, 16, 17, 18, 20, 21, 22, 24, 25, 26, 27, 29, 30, 31, 33, 36, 37, 38, 39, 40, 41], "summary": {"covered_lines": 29, "num_statements": 29, "percent_covered": 100.0, "percent_covered_display": "100", "missing_lines": 0, "excluded_lines": 0, "percent_statements_covered": 100.0, "percent_statements_covered_display": "100"}, "missing_lines": [], "excluded_lines": [], "functions": {"ArtifactStore.__init__": {"executed_lines": [17, 18], "summary": {"covered_lines": 2, "num_statements": 2, "percent_covered": 100.0, "percent_covered_display": "100", "missing_lines": 0, "excluded_lines": 0, "percent_statements_covered": 100.0, "percent_statements_covered_display": "100"}, "missing_lines": [], "excluded_lines": [], "start_line": 16}, "ArtifactStore.write_json": {"executed_lines": [21, 22], "summary": {"covered_lines": 2, "num_statements": 2, "percent_covered": 100.0, "percent_covered_display": "100", "missing_lines": 0, "excluded_lines": 0, "percent_statements_covered": 100.0, "percent_statements_covered_display": "100"}, "missing_lines": [], "excluded_lines": [], "start_line": 20}, "ArtifactStore.read_json": {"executed_lines": [25, 26, 27], "summary": {"covered_lines": 3, "num_statements": 3, "percent_covered": 100.0, "percent_covered_display": "100", "missing_lines": 0, "excluded_lines": 0, "percent_statements_covered": 100.0, "percent_statements_covered_display": "100"}, "missing_lines": [], "excluded_lines": [], "start_line": 24}, "ArtifactStore.write_text": {"executed_lines": [30, 31], "summary": {"covered_lines": 2, "num_statements": 2, "percent_covered": 100.0, "percent_covered_display": "100", "missing_lines": 0, "excluded_lines": 0, "percent_statements_covered": 100.0, "percent_statements_covered_display": "100"}, "missing_lines": [], "excluded_lines": [], "start_line": 29}, "ArtifactStore._write_bytes": {"executed_lines": [36, 37, 38, 39, 40, 41], "summary": {"covered_lines": 6, "num_statements": 6, "percent_covered": 100.0, "percent_covered_display": "100", "missing_lines": 0, "excluded_lines": 0, "percent_statements_covered": 100.0, "percent_statements_covered_display": "100"}, "missing_lines": [], "excluded_lines": [], "start_line": 33}, "": {"executed_lines": [3, 5, 6, 7, 9, 10, 11, 12, 15, 16, 20, 24, 29, 33], "summary": {"covered_lines": 14, "num_statements": 14, "percent_covered": 100.0, "percent_covered_display": "100", "missing_lines": 0, "excluded_lines": 0, "percent_statements_covered": 100.0, "percent_statements_covered_display": "100"}, "missing_lines": [], "excluded_lines": [], "start_line": 1}}, "classes": {"ArtifactStore": {"executed_lines": [17, 18, 21, 22, 25, 26, 27, 30, 31, 36, 37, 38, 39, 40, 41], "summary": {"covered_lines": 15, "num_statements": 15, "percent_covered": 100.0, "percent_covered_display": "100", "missing_lines": 0, "excluded_lines": 0, "percent_statements_covered": 100.0, "percent_statements_covered_display": "100"}, "missing_lines": [], "excluded_lines": [], "start_line": 15}, "": {"executed_lines": [3, 5, 6, 7, 9, 10, 11, 12, 15, 16, 20, 24, 29, 33], "summary": {"covered_lines": 14, "num_statements": 14, "percent_covered": 100.0, "percent_covered_display": "100", "missing_lines": 0, "excluded_lines": 0, "percent_statements_covered": 100.0, "percent_statements_covered_display": "100"}, "missing_lines": [], "excluded_lines": [], "start_line": 1}}}, "src/aws_cli_mcp/audit/db.py": {"executed_lines": [3, 5, 6, 7, 8, 10, 12, 19, 20, 21, 22, 23, 24, 25, 26, 27, 28, 30, 31, 120, 122, 123, 124, 125, 127, 128, 129, 130, 134, 135, 155, 156, 157, 158, 160, 162, 163, 164, 166, 167, 171, 173, 175, 176, 181, 182, 203, 211, 220, 221, 240, 246, 249, 254, 256, 257, 259, 261, 266, 267, 269, 273, 276, 282, 288, 292, 294], "summary": {"covered_lines": 67, "num_statements": 68, "percent_covered": 98.52941176470588, "percent_covered_display": "99", "missing_lines": 1, "excluded_lines": 0, "percent_statements_covered": 98.52941176470588, "percent_statements_covered_display": "99"}, "missing_lines": [172], "excluded_lines": [], "functions": {"SqliteStore.__init__": {"executed_lines": [21, 22, 23, 24, 25, 26, 27, 28], "summary": {"covered_lines": 8, "num_statements": 8, "percent_covered": 100.0, "percent_covered_display": "100", "missing_lines": 0, "excluded_lines": 0, "percent_statements_covered": 100.0, "percent_statements_covered_display": "100"}, "missing_lines": [], "excluded_lines": [], "start_line": 20}, "SqliteStore._init_schema": {"executed_lines": [31, 120], "summary": {"covered_lines": 2, "num_statements": 2, "percent_covered": 100.0, "percent_covered_display": "100", "missing_lines": 0, "excluded_lines": 0, "percent_statements_covered": 100.0, "percent_statements_covered_display": "100"}, "missing_lines": [], "excluded_lines": [], "start_line": 30}, "SqliteStore.execute": {"executed_lines": [123, 124, 125], "summary": {"covered_lines": 3, "num_statements": 3, "percent_covered": 100.0, "percent_covered_display": "100", "missing_lines": 0, "excluded_lines": 0, "percent_statements_covered": 100.0, "percent_statements_covered_display": "100"}, "missing_lines": [], "excluded_lines": [], "start_line": 122}, "SqliteStore.fetch_one": {"executed_lines": [128, 129, 130], "summary": {"covered_lines": 3, "num_statements": 3, "percent_covered": 100.0, "percent_covered_display": "100", "missing_lines": 0, "excluded_lines": 0, "percent_statements_covered": 100.0, "percent_statements_covered_display": "100"}, "missing_lines": [], "excluded_lines": [], "start_line": 127}, "SqliteStore.create_tx": {"executed_lines": [135], "summary": {"covered_lines": 1, "num_statements": 1, "percent_covered": 100.0, "percent_covered_display": "100", "missing_lines": 0, "excluded_lines": 0, "percent_statements_covered": 100.0, "percent_statements_covered_display": "100"}, "missing_lines": [], "excluded_lines": [], "start_line": 134}, "SqliteStore.get_tx": {"executed_lines": [156, 157, 158, 160, 162, 163, 164], "summary": {"covered_lines": 7, "num_statements": 7, "percent_covered": 100.0, "percent_covered_display": "100", "missing_lines": 0, "excluded_lines": 0, "percent_statements_covered": 100.0, "percent_statements_covered_display": "100"}, "missing_lines": [], "excluded_lines": [], "start_line": 155}, "SqliteStore.get_pending_op": {"executed_lines": [167, 171, 173], "summary": {"covered_lines": 3, "num_statements": 4, "percent_covered": 75.0, "percent_covered_display": "75", "missing_lines": 1, "excluded_lines": 0, "percent_statements_covered": 75.0, "percent_statements_covered_display": "75"}, "missing_lines": [172], "excluded_lines": [], "start_line": 166}, "SqliteStore.update_tx_status": {"executed_lines": [176], "summary": {"covered_lines": 1, "num_statements": 1, "percent_covered": 100.0, "percent_covered_display": "100", "missing_lines": 0, "excluded_lines": 0, "percent_statements_covered": 100.0, "percent_statements_covered_display": "100"}, "missing_lines": [], "excluded_lines": [], "start_line": 175}, "SqliteStore.create_op": {"executed_lines": [182], "summary": {"covered_lines": 1, "num_statements": 1, "percent_covered": 100.0, "percent_covered_display": "100", "missing_lines": 0, "excluded_lines": 0, "percent_statements_covered": 100.0, "percent_statements_covered_display": "100"}, "missing_lines": [], "excluded_lines": [], "start_line": 181}, "SqliteStore.update_op_status": {"executed_lines": [211], "summary": {"covered_lines": 1, "num_statements": 1, "percent_covered": 100.0, "percent_covered_display": "100", "missing_lines": 0, "excluded_lines": 0, "percent_statements_covered": 100.0, "percent_statements_covered_display": "100"}, "missing_lines": [], "excluded_lines": [], "start_line": 203}, "SqliteStore.add_audit_artifact": {"executed_lines": [221], "summary": {"covered_lines": 1, "num_statements": 1, "percent_covered": 100.0, "percent_covered_display": "100", "missing_lines": 0, "excluded_lines": 0, "percent_statements_covered": 100.0, "percent_statements_covered_display": "100"}, "missing_lines": [], "excluded_lines": [], "start_line": 220}, "SqliteStore.cleanup_pending_txs": {"executed_lines": [246, 249, 254, 256, 257, 259, 261, 266, 267, 269, 273, 276, 282, 288, 292, 294], "summary": {"covered_lines": 16, "num_statements": 16, "percent_covered": 100.0, "percent_covered_display": "100", "missing_lines": 0, "excluded_lines": 0, "percent_statements_covered": 100.0, "percent_statements_covered_display": "100"}, "missing_lines": [], "excluded_lines": [], "start_line": 240}, "": {"executed_lines": [3, 5, 6, 7, 8, 10, 12, 19, 20, 30, 122, 127, 134, 155, 166, 175, 181, 203, 220, 240], "summary": {"covered_lines": 20, "num_statements": 20, "percent_covered": 100.0, "percent_covered_display": "100", "missing_lines": 0, "excluded_lines": 0, "percent_statements_covered": 100.0, "percent_statements_covered_display": "100"}, "missing_lines": [], "excluded_lines": [], "start_line": 1}}, "classes": {"SqliteStore": {"executed_lines": [21, 22, 23, 24, 25, 26, 27, 28, 31, 120, 123, 124, 125, 128, 129, 130, 135, 156, 157, 158, 160, 162, 163, 164, 167, 171, 173, 176, 182, 211, 221, 246, 249, 254, 256, 257, 259, 261, 266, 267, 269, 273, 276, 282, 288, 292, 294], "summary": {"covered_lines": 47, "num_statements": 48, "percent_covered": 97.91666666666667, "percent_covered_display": "98", "missing_lines": 1, "excluded_lines": 0, "percent_statements_covered": 97.91666666666667, "percent_statements_covered_display": "98"}, "missing_lines": [172], "excluded_lines": [], "start_line": 19}, "": {"executed_lines": [3, 5, 6, 7, 8, 10, 12, 19, 20, 30, 122, 127, 134, 155, 166, 175, 181, 203, 220, 240], "summary": {"covered_lines": 20, "num_statements": 20, "percent_covered": 100.0, "percent_covered_display": "100", "missing_lines": 0, "excluded_lines": 0, "percent_statements_covered": 100.0, "percent_statements_covered_display": "100"}, "missing_lines": [], "excluded_lines": [], "start_line": 1}}}, "src/aws_cli_mcp/audit/models.py": {"executed_lines": [3, 5, 8, 9, 10, 11, 12, 13, 14, 15, 16, 17, 18, 21, 22, 23, 24, 25, 26, 27, 28, 29, 30, 31, 32, 35, 36, 37, 38, 39, 40, 41, 42, 43, 44, 45], "summary": {"covered_lines": 36, "num_statements": 36, "percent_covered": 100.0, "percent_covered_display": "100", "missing_lines": 0, "excluded_lines": 0, "percent_statements_covered": 100.0, "percent_statements_covered_display": "100"}, "missing_lines": [], "excluded_lines": [], "functions": {"": {"executed_lines": [3, 5, 8, 9, 10, 11, 12, 13, 14, 15, 16, 17, 18, 21, 22, 23, 24, 25, 26, 27, 28, 29, 30, 31, 32, 35, 36, 37, 38, 39, 40, 41, 42, 43, 44, 45], "summary": {"covered_lines": 36, "num_statements": 36, "percent_covered": 100.0, "percent_covered_display": "100", "missing_lines": 0, "excluded_lines": 0, "percent_statements_covered": 100.0, "percent_statements_covered_display": "100"}, "missing_lines": [], "excluded_lines": [], "start_line": 1}}, "classes": {"AuditTxRecord": {"executed_lines": [], "summary": {"covered_lines": 0, "num_statements": 0, "percent_covered": 100.0, "percent_covered_display": "100", "missing_lines": 0, "excluded_lines": 0, "percent_statements_covered": 100.0, "percent_statements_covered_display": "100"}, "missing_lines": [], "excluded_lines": [], "start_line": 9}, "AuditOpRecord": {"executed_lines": [], "summary": {"covered_lines": 0, "num_statements": 0, "percent_covered": 100.0, "percent_covered_display": "100", "missing_lines": 0, "excluded_lines": 0, "percent_statements_covered": 100.0, "percent_statements_covered_display": "100"}, "missing_lines": [], "excluded_lines": [], "start_line": 22}, "ArtifactRecord": {"executed_lines": [], "summary": {"covered_lines": 0, "num_statements": 0, "percent_covered": 100.0, "percent_covered_display": "100", "missing_lines": 0, "excluded_lines": 0, "percent_statements_covered": 100.0, "percent_statements_covered_display": "100"}, "missing_lines": [], "excluded_lines": [], "start_line": 36}, "": {"executed_lines": [3, 5, 8, 9, 10, 11, 12, 13, 14, 15, 16, 17, 18, 21, 22, 23, 24, 25, 26, 27, 28, 29, 30, 31, 32, 35, 36, 37, 38, 39, 40, 41, 42, 43, 44, 45], "summary": {"covered_lines": 36, "num_statements": 36, "percent_covered": 100.0, "percent_covered_display": "100", "missing_lines": 0, "excluded_lines": 0, "percent_statements_covered": 100.0, "percent_statements_covered_display": "100"}, "missing_lines": [], "excluded_lines": [], "start_line": 1}}}, "src/aws_cli_mcp/auth/__init__.py": {"executed_lines": [6, 17], "summary": {"covered_lines": 2, "num_statements": 2, "percent_covered": 100.0, "percent_covered_display": "100", "missing_lines": 0, "excluded_lines": 0, "percent_statements_covered": 100.0, "percent_statements_covered_display": "100"}, "missing_lines": [], "excluded_lines": [], "functions": {"": {"executed_lines": [6, 17], "summary": {"covered_lines": 2, "num_statements": 2, "percent_covered": 100.0, "percent_covered_display": "100", "missing_lines": 0, "excluded_lines": 0, "percent_statements_covered": 100.0, "percent_statements_covered_display": "100"}, "missing_lines": [], "excluded_lines": [], "start_line": 1}}, "classes": {"": {"executed_lines": [6, 17], "summary": {"covered_lines": 2, "num_statements": 2, "percent_covered": 100.0, "percent_covered_display": "100", "missing_lines": 0, "excluded_lines": 0, "percent_statements_covered": 100.0, "percent_statements_covered_display": "100"}, "missing_lines": [], "excluded_lines": [], "start_line": 1}}}, "src/aws_cli_mcp/auth/context.py": {"executed_lines": [3, 5, 6, 7, 8, 9, 12, 13, 16, 17, 18, 19, 21, 26, 39, 40, 50, 51, 52, 53, 54, 55, 56, 57, 59, 60, 61, 62, 63, 64, 66, 78, 82, 89, 107, 113, 115, 118, 120, 123, 125, 126, 128, 131, 133, 136, 140, 141], "summary": {"covered_lines": 48, "num_statements": 52, "percent_covered": 92.3076923076923, "percent_covered_display": "92", "missing_lines": 4, "excluded_lines": 0, "percent_statements_covered": 92.3076923076923, "percent_statements_covered_display": "92"}, "missing_lines": [22, 68, 80, 127], "excluded_lines": [], "functions": {"AWSCredentials.__repr__": {"executed_lines": [], "summary": {"covered_lines": 0, "num_statements": 1, "percent_covered": 0.0, "percent_covered_display": "0", "missing_lines": 1, "excluded_lines": 0, "percent_statements_covered": 0.0, "percent_statements_covered_display": "0"}, "missing_lines": [22], "excluded_lines": [], "start_line": 21}, "RequestContext.__repr__": {"executed_lines": [], "summary": {"covered_lines": 0, "num_statements": 1, "percent_covered": 0.0, "percent_covered_display": "0", "missing_lines": 1, "excluded_lines": 0, "percent_statements_covered": 0.0, "percent_statements_covered_display": "0"}, "missing_lines": [68], "excluded_lines": [], "start_line": 66}, "RequestContext.__str__": {"executed_lines": [], "summary": {"covered_lines": 0, "num_statements": 1, "percent_covered": 0.0, "percent_covered_display": "0", "missing_lines": 1, "excluded_lines": 0, "percent_statements_covered": 0.0, "percent_statements_covered_display": "0"}, "missing_lines": [80], "excluded_lines": [], "start_line": 78}, "RequestContext.with_aws_credentials": {"executed_lines": [89], "summary": {"covered_lines": 1, "num_statements": 1, "percent_covered": 100.0, "percent_covered_display": "100", "missing_lines": 0, "excluded_lines": 0, "percent_statements_covered": 100.0, "percent_statements_covered_display": "100"}, "missing_lines": [], "excluded_lines": [], "start_line": 82}, "set_request_context": {"executed_lines": [115], "summary": {"covered_lines": 1, "num_statements": 1, "percent_covered": 100.0, "percent_covered_display": "100", "missing_lines": 0, "excluded_lines": 0, "percent_statements_covered": 100.0, "percent_statements_covered_display": "100"}, "missing_lines": [], "excluded_lines": [], "start_line": 113}, "reset_request_context": {"executed_lines": [120], "summary": {"covered_lines": 1, "num_statements": 1, "percent_covered": 100.0, "percent_covered_display": "100", "missing_lines": 0, "excluded_lines": 0, "percent_statements_covered": 100.0, "percent_statements_covered_display": "100"}, "missing_lines": [], "excluded_lines": [], "start_line": 118}, "get_request_context": {"executed_lines": [125, 126, 128], "summary": {"covered_lines": 3, "num_statements": 4, "percent_covered": 75.0, "percent_covered_display": "75", "missing_lines": 1, "excluded_lines": 0, "percent_statements_covered": 75.0, "percent_statements_covered_display": "75"}, "missing_lines": [127], "excluded_lines": [], "start_line": 123}, "get_request_context_optional": {"executed_lines": [133], "summary": {"covered_lines": 1, "num_statements": 1, "percent_covered": 100.0, "percent_covered_display": "100", "missing_lines": 0, "excluded_lines": 0, "percent_statements_covered": 100.0, "percent_statements_covered_display": "100"}, "missing_lines": [], "excluded_lines": [], "start_line": 131}, "update_request_context": {"executed_lines": [140, 141], "summary": {"covered_lines": 2, "num_statements": 2, "percent_covered": 100.0, "percent_covered_display": "100", "missing_lines": 0, "excluded_lines": 0, "percent_statements_covered": 100.0, "percent_statements_covered_display": "100"}, "missing_lines": [], "excluded_lines": [], "start_line": 136}, "": {"executed_lines": [3, 5, 6, 7, 8, 9, 12, 13, 16, 17, 18, 19, 21, 26, 39, 40, 50, 51, 52, 53, 54, 55, 56, 57, 59, 60, 61, 62, 63, 64, 66, 78, 82, 107, 113, 118, 123, 131, 136], "summary": {"covered_lines": 39, "num_statements": 39, "percent_covered": 100.0, "percent_covered_display": "100", "missing_lines": 0, "excluded_lines": 0, "percent_statements_covered": 100.0, "percent_statements_covered_display": "100"}, "missing_lines": [], "excluded_lines": [], "start_line": 1}}, "classes": {"AWSCredentials": {"executed_lines": [], "summary": {"covered_lines": 0, "num_statements": 1, "percent_covered": 0.0, "percent_covered_display": "0", "missing_lines": 1, "excluded_lines": 0, "percent_statements_covered": 0.0, "percent_statements_covered_display": "0"}, "missing_lines": [22], "excluded_lines": [], "start_line": 13}, "RequestContext": {"executed_lines": [89], "summary": {"covered_lines": 1, "num_statements": 3, "percent_covered": 33.333333333333336, "percent_covered_display": "33", "missing_lines": 2, "excluded_lines": 0, "percent_statements_covered": 33.333333333333336, "percent_statements_covered_display": "33"}, "missing_lines": [68, 80], "excluded_lines": [], "start_line": 40}, "": {"executed_lines": [3, 5, 6, 7, 8, 9, 12, 13, 16, 17, 18, 19, 21, 26, 39, 40, 50, 51, 52, 53, 54, 55, 56, 57, 59, 60, 61, 62, 63, 64, 66, 78, 82, 107, 113, 115, 118, 120, 123, 125, 126, 128, 131, 133, 136, 140, 141], "summary": {"covered_lines": 47, "num_statements": 48, "percent_covered": 97.91666666666667, "percent_covered_display": "98", "missing_lines": 1, "excluded_lines": 0, "percent_statements_covered": 97.91666666666667, "percent_statements_covered_display": "98"}, "missing_lines": [127], "excluded_lines": [], "start_line": 1}}}, "src/aws_cli_mcp/auth/identity_center_middleware.py": {"executed_lines": [3, 5, 7, 8, 9, 11, 12, 16, 18, 20, 21, 24, 26, 27, 28, 31, 33, 36, 39, 40, 41, 43, 44, 45, 47, 48, 49, 54, 55, 56, 57, 62, 63, 71, 77, 79, 80, 81, 83, 85, 86, 87], "summary": {"covered_lines": 42, "num_statements": 42, "percent_covered": 100.0, "percent_covered_display": "100", "missing_lines": 0, "excluded_lines": 0, "percent_statements_covered": 100.0, "percent_statements_covered_display": "100"}, "missing_lines": [], "excluded_lines": [], "functions": {"is_exempt_path": {"executed_lines": [26, 27, 28], "summary": {"covered_lines": 3, "num_statements": 3, "percent_covered": 100.0, "percent_covered_display": "100", "missing_lines": 0, "excluded_lines": 0, "percent_statements_covered": 100.0, "percent_statements_covered_display": "100"}, "missing_lines": [], "excluded_lines": [], "start_line": 24}, "_token_to_user_id": {"executed_lines": [33], "summary": {"covered_lines": 1, "num_statements": 1, "percent_covered": 100.0, "percent_covered_display": "100", "missing_lines": 0, "excluded_lines": 0, "percent_statements_covered": 100.0, "percent_statements_covered_display": "100"}, "missing_lines": [], "excluded_lines": [], "start_line": 31}, "IdentityCenterAuthMiddleware.__init__": {"executed_lines": [40, 41], "summary": {"covered_lines": 2, "num_statements": 2, "percent_covered": 100.0, "percent_covered_display": "100", "missing_lines": 0, "excluded_lines": 0, "percent_statements_covered": 100.0, "percent_statements_covered_display": "100"}, "missing_lines": [], "excluded_lines": [], "start_line": 39}, "IdentityCenterAuthMiddleware.dispatch": {"executed_lines": [44, 45, 47, 48, 49, 54, 55, 56, 57, 62, 63, 71, 77, 79, 80, 81, 83], "summary": {"covered_lines": 17, "num_statements": 17, "percent_covered": 100.0, "percent_covered_display": "100", "missing_lines": 0, "excluded_lines": 0, "percent_statements_covered": 100.0, "percent_statements_covered_display": "100"}, "missing_lines": [], "excluded_lines": [], "start_line": 43}, "IdentityCenterAuthMiddleware._unauthorized": {"executed_lines": [86, 87], "summary": {"covered_lines": 2, "num_statements": 2, "percent_covered": 100.0, "percent_covered_display": "100", "missing_lines": 0, "excluded_lines": 0, "percent_statements_covered": 100.0, "percent_statements_covered_display": "100"}, "missing_lines": [], "excluded_lines": [], "start_line": 85}, "": {"executed_lines": [3, 5, 7, 8, 9, 11, 12, 16, 18, 20, 21, 24, 31, 36, 39, 43, 85], "summary": {"covered_lines": 17, "num_statements": 17, "percent_covered": 100.0, "percent_covered_display": "100", "missing_lines": 0, "excluded_lines": 0, "percent_statements_covered": 100.0, "percent_statements_covered_display": "100"}, "missing_lines": [], "excluded_lines": [], "start_line": 1}}, "classes": {"IdentityCenterAuthMiddleware": {"executed_lines": [40, 41, 44, 45, 47, 48, 49, 54, 55, 56, 57, 62, 63, 71, 77, 79, 80, 81, 83, 86, 87], "summary": {"covered_lines": 21, "num_statements": 21, "percent_covered": 100.0, "percent_covered_display": "100", "missing_lines": 0, "excluded_lines": 0, "percent_statements_covered": 100.0, "percent_statements_covered_display": "100"}, "missing_lines": [], "excluded_lines": [], "start_line": 36}, "": {"executed_lines": [3, 5, 7, 8, 9, 11, 12, 16, 18, 20, 21, 24, 26, 27, 28, 31, 33, 36, 39, 43, 85], "summary": {"covered_lines": 21, "num_statements": 21, "percent_covered": 100.0, "percent_covered_display": "100", "missing_lines": 0, "excluded_lines": 0, "percent_statements_covered": 100.0, "percent_statements_covered_display": "100"}, "missing_lines": [], "excluded_lines": [], "start_line": 1}}}, "src/aws_cli_mcp/auth/idp_config.py": {"executed_lines": [3, 5, 6, 7, 8, 9, 11, 12, 15, 16, 19, 20, 21, 22, 23, 24, 25, 31, 33, 34, 37, 39, 42, 43, 46, 47, 48, 49, 52, 53, 56, 57, 58, 59, 60, 63, 64, 67, 68, 81, 82, 85, 86, 87, 88, 89, 90, 91, 93, 95, 96, 97, 98, 101, 102, 105, 106, 107, 108, 111, 112, 115, 116, 117, 118, 119, 120, 121, 122, 123, 126, 127, 130, 131, 132, 133, 134, 135, 136, 138, 140, 142, 144, 145, 146, 147, 150, 158, 160, 165, 166, 169, 171, 172, 173, 174, 175, 176, 177, 180, 182, 183, 184, 185, 190, 192, 193, 196, 197, 200, 202, 213, 215, 216, 219, 220, 223, 234, 236, 239, 240, 241, 242, 243, 244, 246, 247, 250, 252, 253, 254, 255, 256, 259, 261, 262, 263, 267, 268, 271, 283, 284, 286, 287, 292, 294, 298, 302, 304, 307, 308, 309, 314, 317, 319, 320, 321, 324, 325, 328, 331, 332, 334, 337, 338, 346, 347, 356, 357, 358, 364, 365, 367, 370, 371, 372, 374, 375, 379, 380, 383, 388, 394, 396], "summary": {"covered_lines": 184, "num_statements": 211, "percent_covered": 87.20379146919431, "percent_covered_display": "87", "missing_lines": 27, "excluded_lines": 0, "percent_statements_covered": 87.20379146919431, "percent_statements_covered_display": "87"}, "missing_lines": [35, 148, 152, 153, 154, 155, 161, 162, 187, 194, 198, 217, 221, 237, 245, 260, 269, 288, 293, 303, 305, 310, 322, 333, 366, 373, 381], "excluded_lines": [], "functions": {"IdPConfig.get_audience_set": {"executed_lines": [33, 34], "summary": {"covered_lines": 2, "num_statements": 3, "percent_covered": 66.66666666666667, "percent_covered_display": "67", "missing_lines": 1, "excluded_lines": 0, "percent_statements_covered": 66.66666666666667, "percent_statements_covered_display": "67"}, "missing_lines": [35], "excluded_lines": [], "start_line": 31}, "IdPConfig.get_normalized_issuer": {"executed_lines": [39], "summary": {"covered_lines": 1, "num_statements": 1, "percent_covered": 100.0, "percent_covered_display": "100", "missing_lines": 0, "excluded_lines": 0, "percent_statements_covered": 100.0, "percent_statements_covered_display": "100"}, "missing_lines": [], "excluded_lines": [], "start_line": 37}, "RoleMappingEntry.__post_init__": {"executed_lines": [95, 96, 97, 98], "summary": {"covered_lines": 4, "num_statements": 4, "percent_covered": 100.0, "percent_covered_display": "100", "missing_lines": 0, "excluded_lines": 0, "percent_statements_covered": 100.0, "percent_statements_covered_display": "100"}, "missing_lines": [], "excluded_lines": [], "start_line": 93}, "MultiIdPConfig.get_authorization_servers": {"executed_lines": [140], "summary": {"covered_lines": 1, "num_statements": 1, "percent_covered": 100.0, "percent_covered_display": "100", "missing_lines": 0, "excluded_lines": 0, "percent_statements_covered": 100.0, "percent_statements_covered_display": "100"}, "missing_lines": [], "excluded_lines": [], "start_line": 138}, "MultiIdPConfig.get_idp_by_issuer": {"executed_lines": [144, 145, 146, 147], "summary": {"covered_lines": 4, "num_statements": 5, "percent_covered": 80.0, "percent_covered_display": "80", "missing_lines": 1, "excluded_lines": 0, "percent_statements_covered": 80.0, "percent_statements_covered_display": "80"}, "missing_lines": [148], "excluded_lines": [], "start_line": 142}, "MultiIdPConfig.get_idp_by_name": {"executed_lines": [], "summary": {"covered_lines": 0, "num_statements": 4, "percent_covered": 0.0, "percent_covered_display": "0", "missing_lines": 4, "excluded_lines": 0, "percent_statements_covered": 0.0, "percent_statements_covered_display": "0"}, "missing_lines": [152, 153, 154, 155], "excluded_lines": [], "start_line": 150}, "_substitute_env_vars": {"executed_lines": [160, 165, 166], "summary": {"covered_lines": 3, "num_statements": 3, "percent_covered": 100.0, "percent_covered_display": "100", "missing_lines": 0, "excluded_lines": 0, "percent_statements_covered": 100.0, "percent_statements_covered_display": "100"}, "missing_lines": [], "excluded_lines": [], "start_line": 158}, "_substitute_env_vars.replace": {"executed_lines": [], "summary": {"covered_lines": 0, "num_statements": 2, "percent_covered": 0.0, "percent_covered_display": "0", "missing_lines": 2, "excluded_lines": 0, "percent_statements_covered": 0.0, "percent_statements_covered_display": "0"}, "missing_lines": [161, 162], "excluded_lines": [], "start_line": 160}, "_process_env_vars": {"executed_lines": [171, 172, 173, 174, 175, 176, 177], "summary": {"covered_lines": 7, "num_statements": 7, "percent_covered": 100.0, "percent_covered_display": "100", "missing_lines": 0, "excluded_lines": 0, "percent_statements_covered": 100.0, "percent_statements_covered_display": "100"}, "missing_lines": [], "excluded_lines": [], "start_line": 169}, "_project_root": {"executed_lines": [182, 183, 184, 185], "summary": {"covered_lines": 4, "num_statements": 5, "percent_covered": 80.0, "percent_covered_display": "80", "missing_lines": 1, "excluded_lines": 0, "percent_statements_covered": 80.0, "percent_statements_covered_display": "80"}, "missing_lines": [187], "excluded_lines": [], "start_line": 180}, "_parse_idp_config": {"executed_lines": [192, 193, 196, 197, 200, 202], "summary": {"covered_lines": 6, "num_statements": 8, "percent_covered": 75.0, "percent_covered_display": "75", "missing_lines": 2, "excluded_lines": 0, "percent_statements_covered": 75.0, "percent_statements_covered_display": "75"}, "missing_lines": [194, 198], "excluded_lines": [], "start_line": 190}, "_parse_role_mapping": {"executed_lines": [215, 216, 219, 220, 223], "summary": {"covered_lines": 5, "num_statements": 7, "percent_covered": 71.42857142857143, "percent_covered_display": "71", "missing_lines": 2, "excluded_lines": 0, "percent_statements_covered": 71.42857142857143, "percent_statements_covered_display": "71"}, "missing_lines": [217, 221], "excluded_lines": [], "start_line": 213}, "_normalize_scope_list": {"executed_lines": [236, 239, 240, 241, 242, 243, 244, 246, 247], "summary": {"covered_lines": 9, "num_statements": 11, "percent_covered": 81.81818181818181, "percent_covered_display": "82", "missing_lines": 2, "excluded_lines": 0, "percent_statements_covered": 81.81818181818181, "percent_statements_covered_display": "82"}, "missing_lines": [237, 245], "excluded_lines": [], "start_line": 234}, "_parse_oauth_proxy_config": {"executed_lines": [252, 253, 254, 255, 256, 259, 261, 262, 263, 267, 268, 271, 283, 284, 286, 287, 292, 294, 298, 302, 304, 307, 308, 309, 314], "summary": {"covered_lines": 25, "num_statements": 32, "percent_covered": 78.125, "percent_covered_display": "78", "missing_lines": 7, "excluded_lines": 0, "percent_statements_covered": 78.125, "percent_statements_covered_display": "78"}, "missing_lines": [260, 269, 288, 293, 303, 305, 310], "excluded_lines": [], "start_line": 250}, "load_idp_config": {"executed_lines": [319, 320, 321, 324, 325, 328, 331, 332, 334, 337, 338, 346, 347, 356, 357, 358, 364, 365, 367, 370, 371, 372, 374, 375, 379, 380, 383, 388, 394, 396], "summary": {"covered_lines": 30, "num_statements": 35, "percent_covered": 85.71428571428571, "percent_covered_display": "86", "missing_lines": 5, "excluded_lines": 0, "percent_statements_covered": 85.71428571428571, "percent_statements_covered_display": "86"}, "missing_lines": [322, 333, 366, 373, 381], "excluded_lines": [], "start_line": 317}, "": {"executed_lines": [3, 5, 6, 7, 8, 9, 11, 12, 15, 16, 19, 20, 21, 22, 23, 24, 25, 31, 37, 42, 43, 46, 47, 48, 49, 52, 53, 56, 57, 58, 59, 60, 63, 64, 67, 68, 81, 82, 85, 86, 87, 88, 89, 90, 91, 93, 101, 102, 105, 106, 107, 108, 111, 112, 115, 116, 117, 118, 119, 120, 121, 122, 123, 126, 127, 130, 131, 132, 133, 134, 135, 136, 138, 142, 150, 158, 169, 180, 190, 213, 234, 250, 317], "summary": {"covered_lines": 83, "num_statements": 83, "percent_covered": 100.0, "percent_covered_display": "100", "missing_lines": 0, "excluded_lines": 0, "percent_statements_covered": 100.0, "percent_statements_covered_display": "100"}, "missing_lines": [], "excluded_lines": [], "start_line": 1}}, "classes": {"IdPConfig": {"executed_lines": [33, 34, 39], "summary": {"covered_lines": 3, "num_statements": 4, "percent_covered": 75.0, "percent_covered_display": "75", "missing_lines": 1, "excluded_lines": 0, "percent_statements_covered": 75.0, "percent_statements_covered_display": "75"}, "missing_lines": [35], "excluded_lines": [], "start_line": 16}, "JWKSCacheConfig": {"executed_lines": [], "summary": {"covered_lines": 0, "num_statements": 0, "percent_covered": 100.0, "percent_covered_display": "100", "missing_lines": 0, "excluded_lines": 0, "percent_statements_covered": 100.0, "percent_statements_covered_display": "100"}, "missing_lines": [], "excluded_lines": [], "start_line": 43}, "SecurityConfig": {"executed_lines": [], "summary": {"covered_lines": 0, "num_statements": 0, "percent_covered": 100.0, "percent_covered_display": "100", "missing_lines": 0, "excluded_lines": 0, "percent_statements_covered": 100.0, "percent_statements_covered_display": "100"}, "missing_lines": [], "excluded_lines": [], "start_line": 53}, "AuditConfig": {"executed_lines": [], "summary": {"covered_lines": 0, "num_statements": 0, "percent_covered": 100.0, "percent_covered_display": "100", "missing_lines": 0, "excluded_lines": 0, "percent_statements_covered": 100.0, "percent_statements_covered_display": "100"}, "missing_lines": [], "excluded_lines": [], "start_line": 64}, "RoleMappingEntry": {"executed_lines": [95, 96, 97, 98], "summary": {"covered_lines": 4, "num_statements": 4, "percent_covered": 100.0, "percent_covered_display": "100", "missing_lines": 0, "excluded_lines": 0, "percent_statements_covered": 100.0, "percent_statements_covered_display": "100"}, "missing_lines": [], "excluded_lines": [], "start_line": 82}, "ProtectedResourceConfig": {"executed_lines": [], "summary": {"covered_lines": 0, "num_statements": 0, "percent_covered": 100.0, "percent_covered_display": "100", "missing_lines": 0, "excluded_lines": 0, "percent_statements_covered": 100.0, "percent_statements_covered_display": "100"}, "missing_lines": [], "excluded_lines": [], "start_line": 102}, "OAuthProxyConfig": {"executed_lines": [], "summary": {"covered_lines": 0, "num_statements": 0, "percent_covered": 100.0, "percent_covered_display": "100", "missing_lines": 0, "excluded_lines": 0, "percent_statements_covered": 100.0, "percent_statements_covered_display": "100"}, "missing_lines": [], "excluded_lines": [], "start_line": 112}, "MultiIdPConfig": {"executed_lines": [140, 144, 145, 146, 147], "summary": {"covered_lines": 5, "num_statements": 10, "percent_covered": 50.0, "percent_covered_display": "50", "missing_lines": 5, "excluded_lines": 0, "percent_statements_covered": 50.0, "percent_statements_covered_display": "50"}, "missing_lines": [148, 152, 153, 154, 155], "excluded_lines": [], "start_line": 127}, "": {"executed_lines": [3, 5, 6, 7, 8, 9, 11, 12, 15, 16, 19, 20, 21, 22, 23, 24, 25, 31, 37, 42, 43, 46, 47, 48, 49, 52, 53, 56, 57, 58, 59, 60, 63, 64, 67, 68, 81, 82, 85, 86, 87, 88, 89, 90, 91, 93, 101, 102, 105, 106, 107, 108, 111, 112, 115, 116, 117, 118, 119, 120, 121, 122, 123, 126, 127, 130, 131, 132, 133, 134, 135, 136, 138, 142, 150, 158, 160, 165, 166, 169, 171, 172, 173, 174, 175, 176, 177, 180, 182, 183, 184, 185, 190, 192, 193, 196, 197, 200, 202, 213, 215, 216, 219, 220, 223, 234, 236, 239, 240, 241, 242, 243, 244, 246, 247, 250, 252, 253, 254, 255, 256, 259, 261, 262, 263, 267, 268, 271, 283, 284, 286, 287, 292, 294, 298, 302, 304, 307, 308, 309, 314, 317, 319, 320, 321, 324, 325, 328, 331, 332, 334, 337, 338, 346, 347, 356, 357, 358, 364, 365, 367, 370, 371, 372, 374, 375, 379, 380, 383, 388, 394, 396], "summary": {"covered_lines": 172, "num_statements": 193, "percent_covered": 89.11917098445596, "percent_covered_display": "89", "missing_lines": 21, "excluded_lines": 0, "percent_statements_covered": 89.11917098445596, "percent_statements_covered_display": "89"}, "missing_lines": [161, 162, 187, 194, 198, 217, 221, 237, 245, 260, 269, 288, 293, 303, 305, 310, 322, 333, 366, 373, 381], "excluded_lines": [], "start_line": 1}}}, "src/aws_cli_mcp/auth/multi_idp.py": {"executed_lines": [3, 5, 6, 7, 8, 9, 10, 12, 14, 16, 19, 22, 23, 24, 27, 28, 31, 32, 33, 34, 35, 36, 37, 40, 43, 44, 45, 46, 47, 48, 49, 51, 53, 55, 58, 59, 63, 64, 65, 68, 69, 70, 71, 72, 78, 79, 81, 83, 85, 86, 87, 88, 89, 93, 98, 100, 101, 102, 104, 106, 107, 109, 112, 113, 114, 115, 117, 119, 120, 126, 128, 132, 133, 134, 135, 136, 137, 138, 139, 140, 141, 150, 153, 154, 155, 156, 157, 158, 159, 161, 163, 166, 167, 170, 171, 173, 174, 175, 177, 179, 180, 182, 183, 184, 185, 186, 187, 188, 190, 191, 194, 195, 197, 199, 201, 202, 204, 208, 209, 210, 220, 221, 236, 249, 263, 264, 265, 266, 268, 269, 270, 271, 273, 274, 276, 277, 279, 280, 281, 283, 284, 285, 286, 289, 290, 291, 292, 293, 294, 296, 298, 299, 301, 303, 305, 306, 308, 309, 311, 312, 314, 315, 317, 324, 325, 328, 329, 330, 332, 333, 335, 336, 340, 385, 391, 394, 395, 402, 403, 408, 409, 410, 416, 417, 422, 425, 426, 428, 429, 435, 436, 442, 443, 450, 457, 461], "summary": {"covered_lines": 196, "num_statements": 262, "percent_covered": 74.80916030534351, "percent_covered_display": "75", "missing_lines": 66, "excluded_lines": 0, "percent_statements_covered": 74.80916030534351, "percent_statements_covered_display": "75"}, "missing_lines": [56, 60, 66, 73, 76, 91, 110, 122, 123, 124, 129, 130, 142, 143, 144, 145, 146, 147, 164, 168, 192, 205, 211, 212, 213, 214, 237, 238, 239, 240, 241, 242, 243, 244, 245, 246, 338, 346, 349, 350, 351, 352, 355, 356, 359, 360, 361, 362, 363, 364, 365, 366, 369, 370, 371, 373, 375, 404, 405, 418, 419, 437, 444, 451, 458, 464], "excluded_lines": [], "functions": {"TokenValidationError.__init__": {"executed_lines": [23, 24], "summary": {"covered_lines": 2, "num_statements": 2, "percent_covered": 100.0, "percent_covered_display": "100", "missing_lines": 0, "excluded_lines": 0, "percent_statements_covered": 100.0, "percent_statements_covered_display": "100"}, "missing_lines": [], "excluded_lines": [], "start_line": 22}, "JWKSClient.__init__": {"executed_lines": [44, 45, 46, 47, 48, 49], "summary": {"covered_lines": 6, "num_statements": 6, "percent_covered": 100.0, "percent_covered_display": "100", "missing_lines": 0, "excluded_lines": 0, "percent_statements_covered": 100.0, "percent_statements_covered_display": "100"}, "missing_lines": [], "excluded_lines": [], "start_line": 43}, "JWKSClient.get_signing_key": {"executed_lines": [53, 55, 58, 59, 63, 64, 65, 68, 69, 70, 71, 72], "summary": {"covered_lines": 12, "num_statements": 17, "percent_covered": 70.58823529411765, "percent_covered_display": "71", "missing_lines": 5, "excluded_lines": 0, "percent_statements_covered": 70.58823529411765, "percent_statements_covered_display": "71"}, "missing_lines": [56, 60, 66, 73, 76], "excluded_lines": [], "start_line": 51}, "JWKSClient._jwk_to_key": {"executed_lines": [81, 83, 85, 86, 87, 88, 89, 93], "summary": {"covered_lines": 8, "num_statements": 9, "percent_covered": 88.88888888888889, "percent_covered_display": "89", "missing_lines": 1, "excluded_lines": 0, "percent_statements_covered": 88.88888888888889, "percent_statements_covered_display": "89"}, "missing_lines": [91], "excluded_lines": [], "start_line": 79}, "JWKSClient._ensure_jwks_loaded": {"executed_lines": [100, 101, 102], "summary": {"covered_lines": 3, "num_statements": 3, "percent_covered": 100.0, "percent_covered_display": "100", "missing_lines": 0, "excluded_lines": 0, "percent_statements_covered": 100.0, "percent_statements_covered_display": "100"}, "missing_lines": [], "excluded_lines": [], "start_line": 98}, "JWKSClient._should_refresh": {"executed_lines": [106, 107, 109, 112, 113, 114, 115], "summary": {"covered_lines": 7, "num_statements": 8, "percent_covered": 87.5, "percent_covered_display": "88", "missing_lines": 1, "excluded_lines": 0, "percent_statements_covered": 87.5, "percent_statements_covered_display": "88"}, "missing_lines": [110], "excluded_lines": [], "start_line": 104}, "JWKSClient._can_retry": {"executed_lines": [119, 120], "summary": {"covered_lines": 2, "num_statements": 5, "percent_covered": 40.0, "percent_covered_display": "40", "missing_lines": 3, "excluded_lines": 0, "percent_statements_covered": 40.0, "percent_statements_covered_display": "40"}, "missing_lines": [122, 123, 124], "excluded_lines": [], "start_line": 117}, "JWKSClient._refresh_jwks": {"executed_lines": [128, 132, 133, 134, 135, 136, 137, 138, 139, 140, 141], "summary": {"covered_lines": 11, "num_statements": 19, "percent_covered": 57.89473684210526, "percent_covered_display": "58", "missing_lines": 8, "excluded_lines": 0, "percent_statements_covered": 57.89473684210526, "percent_statements_covered_display": "58"}, "missing_lines": [129, 130, 142, 143, 144, 145, 146, 147], "excluded_lines": [], "start_line": 126}, "SingleIdPValidator.__init__": {"executed_lines": [154, 155, 156, 157, 158, 159], "summary": {"covered_lines": 6, "num_statements": 6, "percent_covered": 100.0, "percent_covered_display": "100", "missing_lines": 0, "excluded_lines": 0, "percent_statements_covered": 100.0, "percent_statements_covered_display": "100"}, "missing_lines": [], "excluded_lines": [], "start_line": 153}, "SingleIdPValidator.initialize": {"executed_lines": [163, 166, 167, 170, 171, 173, 174, 175], "summary": {"covered_lines": 8, "num_statements": 10, "percent_covered": 80.0, "percent_covered_display": "80", "missing_lines": 2, "excluded_lines": 0, "percent_statements_covered": 80.0, "percent_statements_covered_display": "80"}, "missing_lines": [164, 168], "excluded_lines": [], "start_line": 161}, "SingleIdPValidator._discover_jwks_uri": {"executed_lines": [179, 180, 182, 183, 184, 185, 186, 187, 188, 190, 191, 194, 195], "summary": {"covered_lines": 13, "num_statements": 14, "percent_covered": 92.85714285714286, "percent_covered_display": "93", "missing_lines": 1, "excluded_lines": 0, "percent_statements_covered": 92.85714285714286, "percent_statements_covered_display": "93"}, "missing_lines": [192], "excluded_lines": [], "start_line": 177}, "SingleIdPValidator.validate_token": {"executed_lines": [199, 201, 202, 204, 208, 209, 210, 220, 221, 236], "summary": {"covered_lines": 10, "num_statements": 25, "percent_covered": 40.0, "percent_covered_display": "40", "missing_lines": 15, "excluded_lines": 0, "percent_statements_covered": 40.0, "percent_statements_covered_display": "40"}, "missing_lines": [205, 211, 212, 213, 214, 237, 238, 239, 240, 241, 242, 243, 244, 245, 246], "excluded_lines": [], "start_line": 197}, "MultiIdPValidator.__init__": {"executed_lines": [264, 265, 266, 268, 269, 270, 271], "summary": {"covered_lines": 7, "num_statements": 7, "percent_covered": 100.0, "percent_covered_display": "100", "missing_lines": 0, "excluded_lines": 0, "percent_statements_covered": 100.0, "percent_statements_covered_display": "100"}, "missing_lines": [], "excluded_lines": [], "start_line": 263}, "MultiIdPValidator._is_jwt_format": {"executed_lines": [276, 277, 279, 280, 281, 283, 284, 285, 286, 289, 290, 291, 292, 293, 294, 296], "summary": {"covered_lines": 16, "num_statements": 16, "percent_covered": 100.0, "percent_covered_display": "100", "missing_lines": 0, "excluded_lines": 0, "percent_statements_covered": 100.0, "percent_statements_covered_display": "100"}, "missing_lines": [], "excluded_lines": [], "start_line": 274}, "MultiIdPValidator._normalize_issuer": {"executed_lines": [301], "summary": {"covered_lines": 1, "num_statements": 1, "percent_covered": 100.0, "percent_covered_display": "100", "missing_lines": 0, "excluded_lines": 0, "percent_statements_covered": 100.0, "percent_statements_covered_display": "100"}, "missing_lines": [], "excluded_lines": [], "start_line": 299}, "MultiIdPValidator._validate_required_claims": {"executed_lines": [305, 306, 308, 309, 311, 312, 314, 315], "summary": {"covered_lines": 8, "num_statements": 8, "percent_covered": 100.0, "percent_covered_display": "100", "missing_lines": 0, "excluded_lines": 0, "percent_statements_covered": 100.0, "percent_statements_covered_display": "100"}, "missing_lines": [], "excluded_lines": [], "start_line": 303}, "MultiIdPValidator._validate_audience_or_azp": {"executed_lines": [324, 325, 328, 329, 330, 332, 333, 335, 336], "summary": {"covered_lines": 9, "num_statements": 10, "percent_covered": 90.0, "percent_covered_display": "90", "missing_lines": 1, "excluded_lines": 0, "percent_statements_covered": 90.0, "percent_statements_covered_display": "90"}, "missing_lines": [338], "excluded_lines": [], "start_line": 317}, "MultiIdPValidator._extract_claims": {"executed_lines": [], "summary": {"covered_lines": 0, "num_statements": 20, "percent_covered": 0.0, "percent_covered_display": "0", "missing_lines": 20, "excluded_lines": 0, "percent_statements_covered": 0.0, "percent_statements_covered_display": "0"}, "missing_lines": [346, 349, 350, 351, 352, 355, 356, 359, 360, 361, 362, 363, 364, 365, 366, 369, 370, 371, 373, 375], "excluded_lines": [], "start_line": 340}, "MultiIdPValidator.validate": {"executed_lines": [391, 394, 395, 402, 403, 408, 409, 410, 416, 417, 422, 425, 426, 428, 429, 435, 436, 442, 443, 450, 457, 461], "summary": {"covered_lines": 22, "num_statements": 31, "percent_covered": 70.96774193548387, "percent_covered_display": "71", "missing_lines": 9, "excluded_lines": 0, "percent_statements_covered": 70.96774193548387, "percent_statements_covered_display": "71"}, "missing_lines": [404, 405, 418, 419, 437, 444, 451, 458, 464], "excluded_lines": [], "start_line": 385}, "": {"executed_lines": [3, 5, 6, 7, 8, 9, 10, 12, 14, 16, 19, 22, 27, 28, 31, 32, 33, 34, 35, 36, 37, 40, 43, 51, 78, 79, 98, 104, 117, 126, 150, 153, 161, 177, 197, 249, 263, 273, 274, 298, 299, 303, 317, 340, 385], "summary": {"covered_lines": 45, "num_statements": 45, "percent_covered": 100.0, "percent_covered_display": "100", "missing_lines": 0, "excluded_lines": 0, "percent_statements_covered": 100.0, "percent_statements_covered_display": "100"}, "missing_lines": [], "excluded_lines": [], "start_line": 1}}, "classes": {"TokenValidationError": {"executed_lines": [23, 24], "summary": {"covered_lines": 2, "num_statements": 2, "percent_covered": 100.0, "percent_covered_display": "100", "missing_lines": 0, "excluded_lines": 0, "percent_statements_covered": 100.0, "percent_statements_covered_display": "100"}, "missing_lines": [], "excluded_lines": [], "start_line": 19}, "ValidatedClaims": {"executed_lines": [], "summary": {"covered_lines": 0, "num_statements": 0, "percent_covered": 100.0, "percent_covered_display": "100", "missing_lines": 0, "excluded_lines": 0, "percent_statements_covered": 100.0, "percent_statements_covered_display": "100"}, "missing_lines": [], "excluded_lines": [], "start_line": 28}, "JWKSClient": {"executed_lines": [44, 45, 46, 47, 48, 49, 53, 55, 58, 59, 63, 64, 65, 68, 69, 70, 71, 72, 81, 83, 85, 86, 87, 88, 89, 93, 100, 101, 102, 106, 107, 109, 112, 113, 114, 115, 119, 120, 128, 132, 133, 134, 135, 136, 137, 138, 139, 140, 141], "summary": {"covered_lines": 49, "num_statements": 67, "percent_covered": 73.13432835820896, "percent_covered_display": "73", "missing_lines": 18, "excluded_lines": 0, "percent_statements_covered": 73.13432835820896, "percent_statements_covered_display": "73"}, "missing_lines": [56, 60, 66, 73, 76, 91, 110, 122, 123, 124, 129, 130, 142, 143, 144, 145, 146, 147], "excluded_lines": [], "start_line": 40}, "SingleIdPValidator": {"executed_lines": [154, 155, 156, 157, 158, 159, 163, 166, 167, 170, 171, 173, 174, 175, 179, 180, 182, 183, 184, 185, 186, 187, 188, 190, 191, 194, 195, 199, 201, 202, 204, 208, 209, 210, 220, 221, 236], "summary": {"covered_lines": 37, "num_statements": 55, "percent_covered": 67.27272727272727, "percent_covered_display": "67", "missing_lines": 18, "excluded_lines": 0, "percent_statements_covered": 67.27272727272727, "percent_statements_covered_display": "67"}, "missing_lines": [164, 168, 192, 205, 211, 212, 213, 214, 237, 238, 239, 240, 241, 242, 243, 244, 245, 246], "excluded_lines": [], "start_line": 150}, "MultiIdPValidator": {"executed_lines": [264, 265, 266, 268, 269, 270, 271, 276, 277, 279, 280, 281, 283, 284, 285, 286, 289, 290, 291, 292, 293, 294, 296, 301, 305, 306, 308, 309, 311, 312, 314, 315, 324, 325, 328, 329, 330, 332, 333, 335, 336, 391, 394, 395, 402, 403, 408, 409, 410, 416, 417, 422, 425, 426, 428, 429, 435, 436, 442, 443, 450, 457, 461], "summary": {"covered_lines": 63, "num_statements": 93, "percent_covered": 67.74193548387096, "percent_covered_display": "68", "missing_lines": 30, "excluded_lines": 0, "percent_statements_covered": 67.74193548387096, "percent_statements_covered_display": "68"}, "missing_lines": [338, 346, 349, 350, 351, 352, 355, 356, 359, 360, 361, 362, 363, 364, 365, 366, 369, 370, 371, 373, 375, 404, 405, 418, 419, 437, 444, 451, 458, 464], "excluded_lines": [], "start_line": 249}, "": {"executed_lines": [3, 5, 6, 7, 8, 9, 10, 12, 14, 16, 19, 22, 27, 28, 31, 32, 33, 34, 35, 36, 37, 40, 43, 51, 78, 79, 98, 104, 117, 126, 150, 153, 161, 177, 197, 249, 263, 273, 274, 298, 299, 303, 317, 340, 385], "summary": {"covered_lines": 45, "num_statements": 45, "percent_covered": 100.0, "percent_covered_display": "100", "missing_lines": 0, "excluded_lines": 0, "percent_statements_covered": 100.0, "percent_statements_covered_display": "100"}, "missing_lines": [], "excluded_lines": [], "start_line": 1}}}, "src/aws_cli_mcp/auth/multi_user_guard.py": {"executed_lines": [3, 5, 8, 12, 13, 14, 15, 17, 18, 19, 21, 22, 23, 24, 25, 32, 35, 36, 37], "summary": {"covered_lines": 19, "num_statements": 20, "percent_covered": 95.0, "percent_covered_display": "95", "missing_lines": 1, "excluded_lines": 0, "percent_statements_covered": 95.0, "percent_statements_covered_display": "95"}, "missing_lines": [26], "excluded_lines": [], "functions": {"_SinglePrincipalGuard.__init__": {"executed_lines": [14, 15], "summary": {"covered_lines": 2, "num_statements": 2, "percent_covered": 100.0, "percent_covered_display": "100", "missing_lines": 0, "excluded_lines": 0, "percent_statements_covered": 100.0, "percent_statements_covered_display": "100"}, "missing_lines": [], "excluded_lines": [], "start_line": 13}, "_SinglePrincipalGuard.enforce": {"executed_lines": [18, 19, 21, 22, 23, 24, 25], "summary": {"covered_lines": 7, "num_statements": 8, "percent_covered": 87.5, "percent_covered_display": "88", "missing_lines": 1, "excluded_lines": 0, "percent_statements_covered": 87.5, "percent_statements_covered_display": "88"}, "missing_lines": [26], "excluded_lines": [], "start_line": 17}, "enforce_single_user_mode": {"executed_lines": [36, 37], "summary": {"covered_lines": 2, "num_statements": 2, "percent_covered": 100.0, "percent_covered_display": "100", "missing_lines": 0, "excluded_lines": 0, "percent_statements_covered": 100.0, "percent_statements_covered_display": "100"}, "missing_lines": [], "excluded_lines": [], "start_line": 35}, "": {"executed_lines": [3, 5, 8, 12, 13, 17, 32, 35], "summary": {"covered_lines": 8, "num_statements": 8, "percent_covered": 100.0, "percent_covered_display": "100", "missing_lines": 0, "excluded_lines": 0, "percent_statements_covered": 100.0, "percent_statements_covered_display": "100"}, "missing_lines": [], "excluded_lines": [], "start_line": 1}}, "classes": {"MultiUserViolationError": {"executed_lines": [], "summary": {"covered_lines": 0, "num_statements": 0, "percent_covered": 100.0, "percent_covered_display": "100", "missing_lines": 0, "excluded_lines": 0, "percent_statements_covered": 100.0, "percent_statements_covered_display": "100"}, "missing_lines": [], "excluded_lines": [], "start_line": 8}, "_SinglePrincipalGuard": {"executed_lines": [14, 15, 18, 19, 21, 22, 23, 24, 25], "summary": {"covered_lines": 9, "num_statements": 10, "percent_covered": 90.0, "percent_covered_display": "90", "missing_lines": 1, "excluded_lines": 0, "percent_statements_covered": 90.0, "percent_statements_covered_display": "90"}, "missing_lines": [26], "excluded_lines": [], "start_line": 12}, "": {"executed_lines": [3, 5, 8, 12, 13, 17, 32, 35, 36, 37], "summary": {"covered_lines": 10, "num_statements": 10, "percent_covered": 100.0, "percent_covered_display": "100", "missing_lines": 0, "excluded_lines": 0, "percent_statements_covered": 100.0, "percent_statements_covered_display": "100"}, "missing_lines": [], "excluded_lines": [], "start_line": 1}}}, "src/aws_cli_mcp/auth/oauth_proxy.py": {"executed_lines": [3, 5, 6, 7, 8, 9, 10, 11, 12, 13, 15, 16, 17, 19, 20, 22, 24, 25, 26, 27, 28, 29, 30, 31, 32, 33, 34, 36, 37, 40, 41, 42, 43, 44, 45, 46, 47, 48, 51, 52, 53, 54, 55, 56, 57, 58, 59, 62, 63, 64, 65, 66, 67, 68, 69, 72, 75, 80, 81, 82, 83, 84, 85, 86, 87, 89, 90, 93, 94, 96, 97, 100, 101, 102, 103, 105, 107, 108, 109, 110, 113, 115, 116, 117, 119, 121, 122, 123, 125, 127, 128, 129, 130, 132, 133, 134, 136, 137, 140, 141, 142, 143, 144, 146, 147, 148, 149, 152, 153, 154, 156, 157, 159, 167, 183, 184, 185, 193, 194, 195, 196, 198, 203, 206, 212, 213, 215, 216, 217, 219, 221, 225, 227, 228, 230, 231, 233, 234, 235, 236, 237, 241, 243, 245, 248, 249, 252, 253, 254, 255, 261, 262, 263, 268, 273, 275, 282, 283, 285, 286, 296, 297, 298, 301, 311, 312, 314, 316, 317, 318, 319, 320, 323, 324, 331, 398, 399, 400, 401, 404, 405, 407, 408, 409, 411, 413, 414, 415, 417, 418, 419, 421, 423, 425, 426, 427, 428, 429, 431, 433, 435, 437, 439, 441, 444, 445, 450, 452, 454, 456, 457, 464, 467, 468, 469, 470, 472, 473, 474, 477, 478, 479, 482, 486, 487, 488, 490, 502, 503, 512, 514, 516, 517, 521, 522, 524, 525, 531, 532, 534, 535, 536, 538, 539, 544, 545, 548, 549, 550, 551, 559, 561, 571, 573, 575, 591, 610, 615, 616, 617], "summary": {"covered_lines": 260, "num_statements": 369, "percent_covered": 70.46070460704607, "percent_covered_display": "70", "missing_lines": 109, "excluded_lines": 0, "percent_statements_covered": 70.46070460704607, "percent_statements_covered_display": "70"}, "missing_lines": [91, 98, 99, 104, 111, 112, 118, 124, 135, 138, 150, 151, 160, 161, 162, 163, 164, 165, 168, 169, 170, 172, 173, 174, 175, 176, 177, 179, 180, 181, 218, 223, 242, 244, 246, 250, 256, 264, 269, 274, 276, 299, 321, 333, 334, 335, 337, 338, 339, 340, 342, 348, 350, 351, 353, 354, 355, 360, 366, 367, 368, 369, 370, 376, 377, 383, 384, 393, 395, 396, 402, 406, 420, 432, 434, 436, 438, 440, 442, 446, 451, 453, 455, 458, 459, 460, 463, 465, 475, 480, 491, 492, 497, 504, 505, 506, 518, 519, 523, 533, 540, 546, 572, 577, 578, 589, 593, 594, 607], "excluded_lines": [], "functions": {"OAuthProxyBroker.__init__": {"executed_lines": [80, 81, 82, 83, 84, 85, 86, 87], "summary": {"covered_lines": 8, "num_statements": 8, "percent_covered": 100.0, "percent_covered_display": "100", "missing_lines": 0, "excluded_lines": 0, "percent_statements_covered": 100.0, "percent_statements_covered_display": "100"}, "missing_lines": [], "excluded_lines": [], "start_line": 75}, "OAuthProxyBroker._first_forwarded_value": {"executed_lines": [], "summary": {"covered_lines": 0, "num_statements": 1, "percent_covered": 0.0, "percent_covered_display": "0", "missing_lines": 1, "excluded_lines": 0, "percent_statements_covered": 0.0, "percent_statements_covered_display": "0"}, "missing_lines": [91], "excluded_lines": [], "start_line": 90}, "OAuthProxyBroker._validate_redirect_uri": {"executed_lines": [96, 97, 100, 101, 102, 103, 105], "summary": {"covered_lines": 7, "num_statements": 10, "percent_covered": 70.0, "percent_covered_display": "70", "missing_lines": 3, "excluded_lines": 0, "percent_statements_covered": 70.0, "percent_statements_covered_display": "70"}, "missing_lines": [98, 99, 104], "excluded_lines": [], "start_line": 94}, "OAuthProxyBroker._is_loopback_redirect_uri": {"executed_lines": [109, 110, 113], "summary": {"covered_lines": 3, "num_statements": 5, "percent_covered": 60.0, "percent_covered_display": "60", "missing_lines": 2, "excluded_lines": 0, "percent_statements_covered": 60.0, "percent_statements_covered_display": "60"}, "missing_lines": [111, 112], "excluded_lines": [], "start_line": 108}, "OAuthProxyBroker._is_valid_pkce_code_challenge": {"executed_lines": [117, 119], "summary": {"covered_lines": 2, "num_statements": 3, "percent_covered": 66.66666666666667, "percent_covered_display": "67", "missing_lines": 1, "excluded_lines": 0, "percent_statements_covered": 66.66666666666667, "percent_statements_covered_display": "67"}, "missing_lines": [118], "excluded_lines": [], "start_line": 116}, "OAuthProxyBroker._is_valid_pkce_code_verifier": {"executed_lines": [123, 125], "summary": {"covered_lines": 2, "num_statements": 3, "percent_covered": 66.66666666666667, "percent_covered_display": "67", "missing_lines": 1, "excluded_lines": 0, "percent_statements_covered": 66.66666666666667, "percent_statements_covered_display": "67"}, "missing_lines": [124], "excluded_lines": [], "start_line": 122}, "OAuthProxyBroker._build_s256_challenge": {"executed_lines": [129, 130], "summary": {"covered_lines": 2, "num_statements": 2, "percent_covered": 100.0, "percent_covered_display": "100", "missing_lines": 0, "excluded_lines": 0, "percent_statements_covered": 100.0, "percent_statements_covered_display": "100"}, "missing_lines": [], "excluded_lines": [], "start_line": 128}, "OAuthProxyBroker._resolve_upstream_token_auth_method": {"executed_lines": [133, 134, 136, 137], "summary": {"covered_lines": 4, "num_statements": 6, "percent_covered": 66.66666666666667, "percent_covered_display": "67", "missing_lines": 2, "excluded_lines": 0, "percent_statements_covered": 66.66666666666667, "percent_statements_covered_display": "67"}, "missing_lines": [135, 138], "excluded_lines": [], "start_line": 132}, "OAuthProxyBroker._apply_upstream_client_auth": {"executed_lines": [141, 142, 143, 144], "summary": {"covered_lines": 4, "num_statements": 4, "percent_covered": 100.0, "percent_covered_display": "100", "missing_lines": 0, "excluded_lines": 0, "percent_statements_covered": 100.0, "percent_statements_covered_display": "100"}, "missing_lines": [], "excluded_lines": [], "start_line": 140}, "OAuthProxyBroker._origin": {"executed_lines": [147, 148, 149, 152, 153, 154], "summary": {"covered_lines": 6, "num_statements": 8, "percent_covered": 75.0, "percent_covered_display": "75", "missing_lines": 2, "excluded_lines": 0, "percent_statements_covered": 75.0, "percent_statements_covered_display": "75"}, "missing_lines": [150, 151], "excluded_lines": [], "start_line": 146}, "OAuthProxyBroker._callback_url": {"executed_lines": [157], "summary": {"covered_lines": 1, "num_statements": 1, "percent_covered": 100.0, "percent_covered_display": "100", "missing_lines": 0, "excluded_lines": 0, "percent_statements_covered": 100.0, "percent_statements_covered_display": "100"}, "missing_lines": [], "excluded_lines": [], "start_line": 156}, "OAuthProxyBroker._upstream_idp": {"executed_lines": [], "summary": {"covered_lines": 0, "num_statements": 6, "percent_covered": 0.0, "percent_covered_display": "0", "missing_lines": 6, "excluded_lines": 0, "percent_statements_covered": 0.0, "percent_statements_covered_display": "0"}, "missing_lines": [160, 161, 162, 163, 164, 165], "excluded_lines": [], "start_line": 159}, "OAuthProxyBroker._discover_upstream_oidc": {"executed_lines": [], "summary": {"covered_lines": 0, "num_statements": 12, "percent_covered": 0.0, "percent_covered_display": "0", "missing_lines": 12, "excluded_lines": 0, "percent_statements_covered": 0.0, "percent_statements_covered_display": "0"}, "missing_lines": [168, 169, 170, 172, 173, 174, 175, 176, 177, 179, 180, 181], "excluded_lines": [], "start_line": 167}, "OAuthProxyBroker._oauth_error": {"executed_lines": [185], "summary": {"covered_lines": 1, "num_statements": 1, "percent_covered": 100.0, "percent_covered_display": "100", "missing_lines": 0, "excluded_lines": 0, "percent_statements_covered": 100.0, "percent_statements_covered_display": "100"}, "missing_lines": [], "excluded_lines": [], "start_line": 184}, "OAuthProxyBroker._cleanup_expired": {"executed_lines": [194, 195, 196, 198, 203, 206], "summary": {"covered_lines": 6, "num_statements": 6, "percent_covered": 100.0, "percent_covered_display": "100", "missing_lines": 0, "excluded_lines": 0, "percent_statements_covered": 100.0, "percent_statements_covered_display": "100"}, "missing_lines": [], "excluded_lines": [], "start_line": 193}, "OAuthProxyBroker._has_capacity": {"executed_lines": [213], "summary": {"covered_lines": 1, "num_statements": 1, "percent_covered": 100.0, "percent_covered_display": "100", "missing_lines": 0, "excluded_lines": 0, "percent_statements_covered": 100.0, "percent_statements_covered_display": "100"}, "missing_lines": [], "excluded_lines": [], "start_line": 212}, "OAuthProxyBroker._is_registered_redirect_uri": {"executed_lines": [216, 217, 219], "summary": {"covered_lines": 3, "num_statements": 4, "percent_covered": 75.0, "percent_covered_display": "75", "missing_lines": 1, "excluded_lines": 0, "percent_statements_covered": 75.0, "percent_statements_covered_display": "75"}, "missing_lines": [218], "excluded_lines": [], "start_line": 215}, "OAuthProxyBroker.initialize": {"executed_lines": [], "summary": {"covered_lines": 0, "num_statements": 1, "percent_covered": 0.0, "percent_covered_display": "0", "missing_lines": 1, "excluded_lines": 0, "percent_statements_covered": 0.0, "percent_statements_covered_display": "0"}, "missing_lines": [223], "excluded_lines": [], "start_line": 221}, "OAuthProxyBroker.authorize": {"executed_lines": [227, 228, 230, 231, 233, 234, 235, 236, 237, 241, 243, 245, 248, 249, 252, 253, 254, 255, 261, 262, 263, 268, 273, 275, 282, 283, 285, 286, 296, 297, 298, 301, 311, 312], "summary": {"covered_lines": 34, "num_statements": 44, "percent_covered": 77.27272727272727, "percent_covered_display": "77", "missing_lines": 10, "excluded_lines": 0, "percent_statements_covered": 77.27272727272727, "percent_statements_covered_display": "77"}, "missing_lines": [242, 244, 246, 250, 256, 264, 269, 274, 276, 299], "excluded_lines": [], "start_line": 225}, "OAuthProxyBroker.callback": {"executed_lines": [316, 317, 318, 319, 320, 323, 324, 331], "summary": {"covered_lines": 8, "num_statements": 36, "percent_covered": 22.22222222222222, "percent_covered_display": "22", "missing_lines": 28, "excluded_lines": 0, "percent_statements_covered": 22.22222222222222, "percent_statements_covered_display": "22"}, "missing_lines": [321, 333, 334, 335, 337, 338, 339, 340, 342, 348, 350, 351, 353, 354, 355, 360, 366, 367, 368, 369, 370, 376, 377, 383, 384, 393, 395, 396], "excluded_lines": [], "start_line": 314}, "OAuthProxyBroker._verify_pkce": {"executed_lines": [400, 401, 404, 405, 407, 408, 409], "summary": {"covered_lines": 7, "num_statements": 9, "percent_covered": 77.77777777777777, "percent_covered_display": "78", "missing_lines": 2, "excluded_lines": 0, "percent_statements_covered": 77.77777777777777, "percent_statements_covered_display": "78"}, "missing_lines": [402, 406], "excluded_lines": [], "start_line": 399}, "OAuthProxyBroker.token": {"executed_lines": [413, 414, 415, 417, 423, 425, 426, 427, 428, 429, 431, 433, 435, 437, 439, 441, 444, 445, 450, 452, 454, 456, 457, 464, 467, 468, 469, 470, 472, 473, 474, 477, 478, 479, 482, 486, 487, 488, 490, 502, 503, 512], "summary": {"covered_lines": 42, "num_statements": 65, "percent_covered": 64.61538461538461, "percent_covered_display": "65", "missing_lines": 23, "excluded_lines": 0, "percent_statements_covered": 64.61538461538461, "percent_statements_covered_display": "65"}, "missing_lines": [432, 434, 436, 438, 440, 442, 446, 451, 453, 455, 458, 459, 460, 463, 465, 475, 480, 491, 492, 497, 504, 505, 506], "excluded_lines": [], "start_line": 411}, "OAuthProxyBroker.token.form_get": {"executed_lines": [418, 419, 421], "summary": {"covered_lines": 3, "num_statements": 4, "percent_covered": 75.0, "percent_covered_display": "75", "missing_lines": 1, "excluded_lines": 0, "percent_statements_covered": 75.0, "percent_statements_covered_display": "75"}, "missing_lines": [420], "excluded_lines": [], "start_line": 417}, "OAuthProxyBroker.register": {"executed_lines": [516, 517, 521, 522, 524, 525, 531, 532, 534, 535, 536, 538, 539, 544, 545, 548, 549, 550, 551, 559, 561, 571, 573], "summary": {"covered_lines": 23, "num_statements": 30, "percent_covered": 76.66666666666667, "percent_covered_display": "77", "missing_lines": 7, "excluded_lines": 0, "percent_statements_covered": 76.66666666666667, "percent_statements_covered_display": "77"}, "missing_lines": [518, 519, 523, 533, 540, 546, 572], "excluded_lines": [], "start_line": 514}, "OAuthProxyBroker.oauth_authorization_server_metadata": {"executed_lines": [], "summary": {"covered_lines": 0, "num_statements": 3, "percent_covered": 0.0, "percent_covered_display": "0", "missing_lines": 3, "excluded_lines": 0, "percent_statements_covered": 0.0, "percent_statements_covered_display": "0"}, "missing_lines": [577, 578, 589], "excluded_lines": [], "start_line": 575}, "OAuthProxyBroker.oidc_metadata": {"executed_lines": [], "summary": {"covered_lines": 0, "num_statements": 3, "percent_covered": 0.0, "percent_covered_display": "0", "missing_lines": 3, "excluded_lines": 0, "percent_statements_covered": 0.0, "percent_statements_covered_display": "0"}, "missing_lines": [593, 594, 607], "excluded_lines": [], "start_line": 591}, "create_oauth_proxy_broker": {"executed_lines": [615, 616, 617], "summary": {"covered_lines": 3, "num_statements": 3, "percent_covered": 100.0, "percent_covered_display": "100", "missing_lines": 0, "excluded_lines": 0, "percent_statements_covered": 100.0, "percent_statements_covered_display": "100"}, "missing_lines": [], "excluded_lines": [], "start_line": 610}, "": {"executed_lines": [3, 5, 6, 7, 8, 9, 10, 11, 12, 13, 15, 16, 17, 19, 20, 22, 24, 25, 26, 27, 28, 29, 30, 31, 32, 33, 34, 36, 37, 40, 41, 42, 43, 44, 45, 46, 47, 48, 51, 52, 53, 54, 55, 56, 57, 58, 59, 62, 63, 64, 65, 66, 67, 68, 69, 72, 75, 89, 90, 93, 94, 107, 108, 115, 116, 121, 122, 127, 128, 132, 140, 146, 156, 159, 167, 183, 184, 193, 212, 215, 221, 225, 314, 398, 399, 411, 514, 575, 591, 610], "summary": {"covered_lines": 90, "num_statements": 90, "percent_covered": 100.0, "percent_covered_display": "100", "missing_lines": 0, "excluded_lines": 0, "percent_statements_covered": 100.0, "percent_statements_covered_display": "100"}, "missing_lines": [], "excluded_lines": [], "start_line": 1}}, "classes": {"OAuthTransaction": {"executed_lines": [], "summary": {"covered_lines": 0, "num_statements": 0, "percent_covered": 100.0, "percent_covered_display": "100", "missing_lines": 0, "excluded_lines": 0, "percent_statements_covered": 100.0, "percent_statements_covered_display": "100"}, "missing_lines": [], "excluded_lines": [], "start_line": 41}, "AuthorizationCodeRecord": {"executed_lines": [], "summary": {"covered_lines": 0, "num_statements": 0, "percent_covered": 100.0, "percent_covered_display": "100", "missing_lines": 0, "excluded_lines": 0, "percent_statements_covered": 100.0, "percent_statements_covered_display": "100"}, "missing_lines": [], "excluded_lines": [], "start_line": 52}, "RegisteredClient": {"executed_lines": [], "summary": {"covered_lines": 0, "num_statements": 0, "percent_covered": 100.0, "percent_covered_display": "100", "missing_lines": 0, "excluded_lines": 0, "percent_statements_covered": 100.0, "percent_statements_covered_display": "100"}, "missing_lines": [], "excluded_lines": [], "start_line": 63}, "OAuthProxyBroker": {"executed_lines": [80, 81, 82, 83, 84, 85, 86, 87, 96, 97, 100, 101, 102, 103, 105, 109, 110, 113, 117, 119, 123, 125, 129, 130, 133, 134, 136, 137, 141, 142, 143, 144, 147, 148, 149, 152, 153, 154, 157, 185, 194, 195, 196, 198, 203, 206, 213, 216, 217, 219, 227, 228, 230, 231, 233, 234, 235, 236, 237, 241, 243, 245, 248, 249, 252, 253, 254, 255, 261, 262, 263, 268, 273, 275, 282, 283, 285, 286, 296, 297, 298, 301, 311, 312, 316, 317, 318, 319, 320, 323, 324, 331, 400, 401, 404, 405, 407, 408, 409, 413, 414, 415, 417, 418, 419, 421, 423, 425, 426, 427, 428, 429, 431, 433, 435, 437, 439, 441, 444, 445, 450, 452, 454, 456, 457, 464, 467, 468, 469, 470, 472, 473, 474, 477, 478, 479, 482, 486, 487, 488, 490, 502, 503, 512, 516, 517, 521, 522, 524, 525, 531, 532, 534, 535, 536, 538, 539, 544, 545, 548, 549, 550, 551, 559, 561, 571, 573], "summary": {"covered_lines": 167, "num_statements": 276, "percent_covered": 60.507246376811594, "percent_covered_display": "61", "missing_lines": 109, "excluded_lines": 0, "percent_statements_covered": 60.507246376811594, "percent_statements_covered_display": "61"}, "missing_lines": [91, 98, 99, 104, 111, 112, 118, 124, 135, 138, 150, 151, 160, 161, 162, 163, 164, 165, 168, 169, 170, 172, 173, 174, 175, 176, 177, 179, 180, 181, 218, 223, 242, 244, 246, 250, 256, 264, 269, 274, 276, 299, 321, 333, 334, 335, 337, 338, 339, 340, 342, 348, 350, 351, 353, 354, 355, 360, 366, 367, 368, 369, 370, 376, 377, 383, 384, 393, 395, 396, 402, 406, 420, 432, 434, 436, 438, 440, 442, 446, 451, 453, 455, 458, 459, 460, 463, 465, 475, 480, 491, 492, 497, 504, 505, 506, 518, 519, 523, 533, 540, 546, 572, 577, 578, 589, 593, 594, 607], "excluded_lines": [], "start_line": 72}, "": {"executed_lines": [3, 5, 6, 7, 8, 9, 10, 11, 12, 13, 15, 16, 17, 19, 20, 22, 24, 25, 26, 27, 28, 29, 30, 31, 32, 33, 34, 36, 37, 40, 41, 42, 43, 44, 45, 46, 47, 48, 51, 52, 53, 54, 55, 56, 57, 58, 59, 62, 63, 64, 65, 66, 67, 68, 69, 72, 75, 89, 90, 93, 94, 107, 108, 115, 116, 121, 122, 127, 128, 132, 140, 146, 156, 159, 167, 183, 184, 193, 212, 215, 221, 225, 314, 398, 399, 411, 514, 575, 591, 610, 615, 616, 617], "summary": {"covered_lines": 93, "num_statements": 93, "percent_covered": 100.0, "percent_covered_display": "100", "missing_lines": 0, "excluded_lines": 0, "percent_statements_covered": 100.0, "percent_statements_covered_display": "100"}, "missing_lines": [], "excluded_lines": [], "start_line": 1}}}, "src/aws_cli_mcp/auth/protected_resource.py": {"executed_lines": [3, 5, 6, 8, 9, 11, 13, 16, 17, 20, 21, 22, 23, 24, 26, 28, 34, 36, 39, 42, 47, 48, 49, 51, 52, 54, 56, 62, 63, 64, 66, 67, 68, 69, 70, 72, 73, 74, 76, 82, 83, 85, 86, 87, 88, 89, 90, 91, 92, 94, 96, 97, 98, 99, 107, 109, 110, 118, 123, 128], "summary": {"covered_lines": 60, "num_statements": 62, "percent_covered": 96.7741935483871, "percent_covered_display": "97", "missing_lines": 2, "excluded_lines": 0, "percent_statements_covered": 96.7741935483871, "percent_statements_covered_display": "97"}, "missing_lines": [35, 120], "excluded_lines": [], "functions": {"ProtectedResourceMetadata.to_dict": {"executed_lines": [28, 34, 36], "summary": {"covered_lines": 3, "num_statements": 4, "percent_covered": 75.0, "percent_covered_display": "75", "missing_lines": 1, "excluded_lines": 0, "percent_statements_covered": 75.0, "percent_statements_covered_display": "75"}, "missing_lines": [35], "excluded_lines": [], "start_line": 26}, "ProtectedResourceEndpoint.__init__": {"executed_lines": [47, 48, 49], "summary": {"covered_lines": 3, "num_statements": 3, "percent_covered": 100.0, "percent_covered_display": "100", "missing_lines": 0, "excluded_lines": 0, "percent_statements_covered": 100.0, "percent_statements_covered_display": "100"}, "missing_lines": [], "excluded_lines": [], "start_line": 42}, "ProtectedResourceEndpoint._first_forwarded_value": {"executed_lines": [54], "summary": {"covered_lines": 1, "num_statements": 1, "percent_covered": 100.0, "percent_covered_display": "100", "missing_lines": 0, "excluded_lines": 0, "percent_statements_covered": 100.0, "percent_statements_covered_display": "100"}, "missing_lines": [], "excluded_lines": [], "start_line": 52}, "ProtectedResourceEndpoint._resolve_resource": {"executed_lines": [62, 63, 64, 66, 67, 68, 69, 70, 72, 73, 74], "summary": {"covered_lines": 11, "num_statements": 11, "percent_covered": 100.0, "percent_covered_display": "100", "missing_lines": 0, "excluded_lines": 0, "percent_statements_covered": 100.0, "percent_statements_covered_display": "100"}, "missing_lines": [], "excluded_lines": [], "start_line": 56}, "ProtectedResourceEndpoint._resolve_authorization_servers": {"executed_lines": [82, 83, 85, 86, 87, 88, 89, 90, 91, 92], "summary": {"covered_lines": 10, "num_statements": 10, "percent_covered": 100.0, "percent_covered_display": "100", "missing_lines": 0, "excluded_lines": 0, "percent_statements_covered": 100.0, "percent_statements_covered_display": "100"}, "missing_lines": [], "excluded_lines": [], "start_line": 76}, "ProtectedResourceEndpoint._build_metadata": {"executed_lines": [96, 97, 98, 99], "summary": {"covered_lines": 4, "num_statements": 4, "percent_covered": 100.0, "percent_covered_display": "100", "missing_lines": 0, "excluded_lines": 0, "percent_statements_covered": 100.0, "percent_statements_covered_display": "100"}, "missing_lines": [], "excluded_lines": [], "start_line": 94}, "ProtectedResourceEndpoint.handle": {"executed_lines": [109, 110], "summary": {"covered_lines": 2, "num_statements": 2, "percent_covered": 100.0, "percent_covered_display": "100", "missing_lines": 0, "excluded_lines": 0, "percent_statements_covered": 100.0, "percent_statements_covered_display": "100"}, "missing_lines": [], "excluded_lines": [], "start_line": 107}, "ProtectedResourceEndpoint.get_metadata": {"executed_lines": [], "summary": {"covered_lines": 0, "num_statements": 1, "percent_covered": 0.0, "percent_covered_display": "0", "missing_lines": 1, "excluded_lines": 0, "percent_statements_covered": 0.0, "percent_statements_covered_display": "0"}, "missing_lines": [120], "excluded_lines": [], "start_line": 118}, "create_protected_resource_endpoint": {"executed_lines": [128], "summary": {"covered_lines": 1, "num_statements": 1, "percent_covered": 100.0, "percent_covered_display": "100", "missing_lines": 0, "excluded_lines": 0, "percent_statements_covered": 100.0, "percent_statements_covered_display": "100"}, "missing_lines": [], "excluded_lines": [], "start_line": 123}, "": {"executed_lines": [3, 5, 6, 8, 9, 11, 13, 16, 17, 20, 21, 22, 23, 24, 26, 39, 42, 51, 52, 56, 76, 94, 107, 118, 123], "summary": {"covered_lines": 25, "num_statements": 25, "percent_covered": 100.0, "percent_covered_display": "100", "missing_lines": 0, "excluded_lines": 0, "percent_statements_covered": 100.0, "percent_statements_covered_display": "100"}, "missing_lines": [], "excluded_lines": [], "start_line": 1}}, "classes": {"ProtectedResourceMetadata": {"executed_lines": [28, 34, 36], "summary": {"covered_lines": 3, "num_statements": 4, "percent_covered": 75.0, "percent_covered_display": "75", "missing_lines": 1, "excluded_lines": 0, "percent_statements_covered": 75.0, "percent_statements_covered_display": "75"}, "missing_lines": [35], "excluded_lines": [], "start_line": 17}, "ProtectedResourceEndpoint": {"executed_lines": [47, 48, 49, 54, 62, 63, 64, 66, 67, 68, 69, 70, 72, 73, 74, 82, 83, 85, 86, 87, 88, 89, 90, 91, 92, 96, 97, 98, 99, 109, 110], "summary": {"covered_lines": 31, "num_statements": 32, "percent_covered": 96.875, "percent_covered_display": "97", "missing_lines": 1, "excluded_lines": 0, "percent_statements_covered": 96.875, "percent_statements_covered_display": "97"}, "missing_lines": [120], "excluded_lines": [], "start_line": 39}, "": {"executed_lines": [3, 5, 6, 8, 9, 11, 13, 16, 17, 20, 21, 22, 23, 24, 26, 39, 42, 51, 52, 56, 76, 94, 107, 118, 123, 128], "summary": {"covered_lines": 26, "num_statements": 26, "percent_covered": 100.0, "percent_covered_display": "100", "missing_lines": 0, "excluded_lines": 0, "percent_statements_covered": 100.0, "percent_statements_covered_display": "100"}, "missing_lines": [], "excluded_lines": [], "start_line": 1}}}, "src/aws_cli_mcp/auth/role_mapper.py": {"executed_lines": [3, 5, 6, 8, 9, 11, 14, 15, 18, 19, 20, 23, 34, 35, 36, 39, 40, 43, 44, 46, 53, 54, 55, 60, 66, 67, 69, 72, 73, 74, 77, 78, 79, 80, 84, 85, 87, 88, 89, 93, 94, 95, 96, 97, 98, 102, 103, 104, 105, 106, 108, 110, 112], "summary": {"covered_lines": 53, "num_statements": 57, "percent_covered": 92.98245614035088, "percent_covered_display": "93", "missing_lines": 4, "excluded_lines": 0, "percent_statements_covered": 92.98245614035088, "percent_statements_covered_display": "93"}, "missing_lines": [41, 81, 86, 99], "excluded_lines": [], "functions": {"RoleMapper.__init__": {"executed_lines": [35, 36, 39, 40, 43, 44], "summary": {"covered_lines": 6, "num_statements": 7, "percent_covered": 85.71428571428571, "percent_covered_display": "86", "missing_lines": 1, "excluded_lines": 0, "percent_statements_covered": 85.71428571428571, "percent_statements_covered_display": "86"}, "missing_lines": [41], "excluded_lines": [], "start_line": 34}, "RoleMapper.resolve": {"executed_lines": [53, 54, 55, 60, 66, 67], "summary": {"covered_lines": 6, "num_statements": 6, "percent_covered": 100.0, "percent_covered_display": "100", "missing_lines": 0, "excluded_lines": 0, "percent_statements_covered": 100.0, "percent_statemen
[...]
 440, 441, 442, 451, 461, 462, 467, 468, 477, 478, 480, 481, 483], "summary": {"covered_lines": 66, "num_statements": 66, "percent_covered": 100.0, "percent_covered_display": "100", "missing_lines": 0, "excluded_lines": 0, "percent_statements_covered": 100.0, "percent_statements_covered_display": "100"}, "missing_lines": [], "excluded_lines": [], "start_line": 325}, "MultiIdPAWSCredentialMiddleware": {"executed_lines": [504, 505, 506, 507, 508, 512, 513, 516, 518, 519, 520, 529, 530, 531, 540, 541, 543, 550, 568, 570, 577, 585], "summary": {"covered_lines": 22, "num_statements": 25, "percent_covered": 88.0, "percent_covered_display": "88", "missing_lines": 3, "excluded_lines": 0, "percent_statements_covered": 88.0, "percent_statements_covered_display": "88"}, "missing_lines": [557, 558, 559], "excluded_lines": [], "start_line": 486}, "": {"executed_lines": [3, 5, 6, 7, 8, 10, 11, 12, 13, 14, 15, 17, 22, 23, 27, 28, 29, 30, 31, 33, 35, 45, 47, 48, 50, 51, 52, 53, 55, 61, 63, 66, 67, 68, 69, 70, 71, 74, 75, 76, 81, 82, 85, 86, 90, 94, 96, 97, 98, 108, 112, 126, 161, 162, 164, 179, 180, 181, 183, 184, 186, 187, 189, 205, 206, 229, 230, 231, 233, 234, 235, 236, 237, 238, 243, 244, 245, 247, 249, 254, 255, 256, 257, 260, 262, 264, 271, 272, 274, 288, 289, 290, 292, 293, 295, 296, 298, 304, 308, 309, 310, 311, 314, 316, 317, 325, 333, 335, 355, 356, 359, 370, 384, 390, 401, 486, 494, 496, 510], "summary": {"covered_lines": 119, "num_statements": 119, "percent_covered": 100.0, "percent_covered_display": "100", "missing_lines": 0, "excluded_lines": 0, "percent_statements_covered": 100.0, "percent_statements_covered_display": "100"}, "missing_lines": [], "excluded_lines": [], "start_line": 1}}}, "src/aws_cli_mcp/transport/mcp_handler.py": {"executed_lines": [3, 5, 6, 8, 9, 11, 12, 13, 14, 15, 16, 18, 19, 22, 23, 24, 25, 26, 28, 29, 31, 32, 40, 41, 42, 43, 44, 45, 46, 47, 48, 49, 57, 58, 59, 60, 66, 67, 69, 70, 71, 75, 76, 77, 78, 84, 85, 86, 87, 88, 91, 92, 93, 94, 96, 97, 98, 104, 109, 110, 111, 112, 114, 115, 116, 117, 118, 119, 121, 122, 124, 125, 126, 127, 128, 130, 131, 142, 143, 151, 153, 154, 155, 156, 157, 158, 159, 160, 161, 162, 163, 164, 165, 166, 167, 172, 173, 175, 184, 187, 194, 201, 206, 213, 215, 218, 219, 220, 221, 222, 223, 224, 227, 228, 229, 230, 231, 232, 233, 242, 243, 244, 245, 246, 247, 248, 255, 258, 259, 260, 261, 262, 263, 264, 271, 272, 273, 274, 275, 276, 277, 284], "summary": {"covered_lines": 142, "num_statements": 142, "percent_covered": 100.0, "percent_covered_display": "100", "missing_lines": 0, "excluded_lines": 0, "percent_statements_covered": 100.0, "percent_statements_covered_display": "100"}, "missing_lines": [], "excluded_lines": [], "functions": {"handle_mcp_request": {"executed_lines": [23, 24, 25, 26, 28, 29, 31, 32, 40, 41, 42, 43, 44, 45, 46, 47, 48, 49, 57, 58, 59, 60, 66, 67, 69, 70, 71, 75, 76, 77, 78], "summary": {"covered_lines": 31, "num_statements": 31, "percent_covered": 100.0, "percent_covered_display": "100", "missing_lines": 0, "excluded_lines": 0, "percent_statements_covered": 100.0, "percent_statements_covered_display": "100"}, "missing_lines": [], "excluded_lines": [], "start_line": 22}, "_handle_batch": {"executed_lines": [85, 86, 87, 88, 91, 92, 93, 94, 96, 97, 98], "summary": {"covered_lines": 11, "num_statements": 11, "percent_covered": 100.0, "percent_covered_display": "100", "missing_lines": 0, "excluded_lines": 0, "percent_statements_covered": 100.0, "percent_statements_covered_display": "100"}, "missing_lines": [], "excluded_lines": [], "start_line": 84}, "_handle_single": {"executed_lines": [109, 110, 111, 112, 114, 115, 116, 117, 118, 119, 121, 122, 124, 125, 126, 127, 128, 130, 131, 142, 143, 151, 153, 154, 155, 156, 157, 158, 159, 160, 161, 162, 163, 164, 165, 166, 167, 172, 173, 175, 184], "summary": {"covered_lines": 41, "num_statements": 41, "percent_covered": 100.0, "percent_covered_display": "100", "missing_lines": 0, "excluded_lines": 0, "percent_statements_covered": 100.0, "percent_statements_covered_display": "100"}, "missing_lines": [], "excluded_lines": [], "start_line": 104}, "_error_response": {"executed_lines": [194], "summary": {"covered_lines": 1, "num_statements": 1, "percent_covered": 100.0, "percent_covered_display": "100", "missing_lines": 0, "excluded_lines": 0, "percent_statements_covered": 100.0, "percent_statements_covered_display": "100"}, "missing_lines": [], "excluded_lines": [], "start_line": 187}, "_error_body": {"executed_lines": [206], "summary": {"covered_lines": 1, "num_statements": 1, "percent_covered": 100.0, "percent_covered_display": "100", "missing_lines": 0, "excluded_lines": 0, "percent_statements_covered": 100.0, "percent_statements_covered_display": "100"}, "missing_lines": [], "excluded_lines": [], "start_line": 201}, "_jsonable": {"executed_lines": [215], "summary": {"covered_lines": 1, "num_statements": 1, "percent_covered": 100.0, "percent_covered_display": "100", "missing_lines": 0, "excluded_lines": 0, "percent_statements_covered": 100.0, "percent_statements_covered_display": "100"}, "missing_lines": [], "excluded_lines": [], "start_line": 213}, "_protocol_version": {"executed_lines": [219, 220, 221, 222, 223, 224], "summary": {"covered_lines": 6, "num_statements": 6, "percent_covered": 100.0, "percent_covered_display": "100", "missing_lines": 0, "excluded_lines": 0, "percent_statements_covered": 100.0, "percent_statements_covered_display": "100"}, "missing_lines": [], "excluded_lines": [], "start_line": 218}, "_validate_protocol_version": {"executed_lines": [228, 229, 230, 231, 232, 233], "summary": {"covered_lines": 6, "num_statements": 6, "percent_covered": 100.0, "percent_covered_display": "100", "missing_lines": 0, "excluded_lines": 0, "percent_statements_covered": 100.0, "percent_statements_covered_display": "100"}, "missing_lines": [], "excluded_lines": [], "start_line": 227}, "_validate_accept_header": {"executed_lines": [243, 244, 245, 246, 247, 248, 255], "summary": {"covered_lines": 7, "num_statements": 7, "percent_covered": 100.0, "percent_covered_display": "100", "missing_lines": 0, "excluded_lines": 0, "percent_statements_covered": 100.0, "percent_statements_covered_display": "100"}, "missing_lines": [], "excluded_lines": [], "start_line": 242}, "_validate_origin": {"executed_lines": [259, 260, 261, 262, 263, 264, 271, 272, 273, 274, 275, 276, 277, 284], "summary": {"covered_lines": 14, "num_statements": 14, "percent_covered": 100.0, "percent_covered_display": "100", "missing_lines": 0, "excluded_lines": 0, "percent_statements_covered": 100.0, "percent_statements_covered_display": "100"}, "missing_lines": [], "excluded_lines": [], "start_line": 258}, "": {"executed_lines": [3, 5, 6, 8, 9, 11, 12, 13, 14, 15, 16, 18, 19, 22, 84, 104, 187, 201, 213, 218, 227, 242, 258], "summary": {"covered_lines": 23, "num_statements": 23, "percent_covered": 100.0, "percent_covered_display": "100", "missing_lines": 0, "excluded_lines": 0, "percent_statements_covered": 100.0, "percent_statements_covered_display": "100"}, "missing_lines": [], "excluded_lines": [], "start_line": 1}}, "classes": {"": {"executed_lines": [3, 5, 6, 8, 9, 11, 12, 13, 14, 15, 16, 18, 19, 22, 23, 24, 25, 26, 28, 29, 31, 32, 40, 41, 42, 43, 44, 45, 46, 47, 48, 49, 57, 58, 59, 60, 66, 67, 69, 70, 71, 75, 76, 77, 78, 84, 85, 86, 87, 88, 91, 92, 93, 94, 96, 97, 98, 104, 109, 110, 111, 112, 114, 115, 116, 117, 118, 119, 121, 122, 124, 125, 126, 127, 128, 130, 131, 142, 143, 151, 153, 154, 155, 156, 157, 158, 159, 160, 161, 162, 163, 164, 165, 166, 167, 172, 173, 175, 184, 187, 194, 201, 206, 213, 215, 218, 219, 220, 221, 222, 223, 224, 227, 228, 229, 230, 231, 232, 233, 242, 243, 244, 245, 246, 247, 248, 255, 258, 259, 260, 261, 262, 263, 264, 271, 272, 273, 274, 275, 276, 277, 284], "summary": {"covered_lines": 142, "num_statements": 142, "percent_covered": 100.0, "percent_covered_display": "100", "missing_lines": 0, "excluded_lines": 0, "percent_statements_covered": 100.0, "percent_statements_covered_display": "100"}, "missing_lines": [], "excluded_lines": [], "start_line": 1}}}, "src/aws_cli_mcp/utils/__init__.py": {"executed_lines": [], "summary": {"covered_lines": 0, "num_statements": 0, "percent_covered": 100.0, "percent_covered_display": "100", "missing_lines": 0, "excluded_lines": 0, "percent_statements_covered": 100.0, "percent_statements_covered_display": "100"}, "missing_lines": [], "excluded_lines": [], "functions": {"": {"executed_lines": [], "summary": {"covered_lines": 0, "num_statements": 0, "percent_covered": 100.0, "percent_covered_display": "100", "missing_lines": 0, "excluded_lines": 0, "percent_statements_covered": 100.0, "percent_statements_covered_display": "100"}, "missing_lines": [], "excluded_lines": [], "start_line": 1}}, "classes": {"": {"executed_lines": [], "summary": {"covered_lines": 0, "num_statements": 0, "percent_covered": 100.0, "percent_covered_display": "100", "missing_lines": 0, "excluded_lines": 0, "percent_statements_covered": 100.0, "percent_statements_covered_display": "100"}, "missing_lines": [], "excluded_lines": [], "start_line": 1}}}, "src/aws_cli_mcp/utils/hashing.py": {"executed_lines": [3, 5, 8, 9, 12, 13], "summary": {"covered_lines": 6, "num_statements": 6, "percent_covered": 100.0, "percent_covered_display": "100", "missing_lines": 0, "excluded_lines": 0, "percent_statements_covered": 100.0, "percent_statements_covered_display": "100"}, "missing_lines": [], "excluded_lines": [], "functions": {"sha256_bytes": {"executed_lines": [9], "summary": {"covered_lines": 1, "num_statements": 1, "percent_covered": 100.0, "percent_covered_display": "100", "missing_lines": 0, "excluded_lines": 0, "percent_statements_covered": 100.0, "percent_statements_covered_display": "100"}, "missing_lines": [], "excluded_lines": [], "start_line": 8}, "sha256_text": {"executed_lines": [13], "summary": {"covered_lines": 1, "num_statements": 1, "percent_covered": 100.0, "percent_covered_display": "100", "missing_lines": 0, "excluded_lines": 0, "percent_statements_covered": 100.0, "percent_statements_covered_display": "100"}, "missing_lines": [], "excluded_lines": [], "start_line": 12}, "": {"executed_lines": [3, 5, 8, 12], "summary": {"covered_lines": 4, "num_statements": 4, "percent_covered": 100.0, "percent_covered_display": "100", "missing_lines": 0, "excluded_lines": 0, "percent_statements_covered": 100.0, "percent_statements_covered_display": "100"}, "missing_lines": [], "excluded_lines": [], "start_line": 1}}, "classes": {"": {"executed_lines": [3, 5, 8, 9, 12, 13], "summary": {"covered_lines": 6, "num_statements": 6, "percent_covered": 100.0, "percent_covered_display": "100", "missing_lines": 0, "excluded_lines": 0, "percent_statements_covered": 100.0, "percent_statements_covered_display": "100"}, "missing_lines": [], "excluded_lines": [], "start_line": 1}}}, "src/aws_cli_mcp/utils/http.py": {"executed_lines": [3, 6, 11, 12, 13, 14], "summary": {"covered_lines": 6, "num_statements": 6, "percent_covered": 100.0, "percent_covered_display": "100", "missing_lines": 0, "excluded_lines": 0, "percent_statements_covered": 100.0, "percent_statements_covered_display": "100"}, "missing_lines": [], "excluded_lines": [], "functions": {"first_forwarded_value": {"executed_lines": [11, 12, 13, 14], "summary": {"covered_lines": 4, "num_statements": 4, "percent_covered": 100.0, "percent_covered_display": "100", "missing_lines": 0, "excluded_lines": 0, "percent_statements_covered": 100.0, "percent_statements_covered_display": "100"}, "missing_lines": [], "excluded_lines": [], "start_line": 6}, "": {"executed_lines": [3, 6], "summary": {"covered_lines": 2, "num_statements": 2, "percent_covered": 100.0, "percent_covered_display": "100", "missing_lines": 0, "excluded_lines": 0, "percent_statements_covered": 100.0, "percent_statements_covered_display": "100"}, "missing_lines": [], "excluded_lines": [], "start_line": 1}}, "classes": {"": {"executed_lines": [3, 6, 11, 12, 13, 14], "summary": {"covered_lines": 6, "num_statements": 6, "percent_covered": 100.0, "percent_covered_display": "100", "missing_lines": 0, "excluded_lines": 0, "percent_statements_covered": 100.0, "percent_statements_covered_display": "100"}, "missing_lines": [], "excluded_lines": [], "start_line": 1}}}, "src/aws_cli_mcp/utils/jsonschema.py": {"executed_lines": [3, 5, 7, 10, 11, 25, 26, 27, 28, 29, 30, 31, 34, 44, 45, 46, 49, 62, 63, 65, 66, 67, 68, 69, 70, 71, 73, 74, 75, 76, 78, 79, 80, 82, 83, 84, 85, 87, 88, 89, 90, 91, 93, 94, 95, 96, 98, 99, 100, 101, 103, 104, 105, 106, 108, 109, 110, 111, 113, 114, 115, 116, 118, 119, 120, 122, 123, 124, 125, 127, 139, 142, 144, 165, 168, 177, 178, 179, 181, 182, 183, 184, 186, 187, 189, 196, 197, 199, 200, 202], "summary": {"covered_lines": 90, "num_statements": 90, "percent_covered": 100.0, "percent_covered_display": "100", "missing_lines": 0, "excluded_lines": 0, "percent_statements_covered": 100.0, "percent_statements_covered_display": "100"}, "missing_lines": [], "excluded_lines": [], "functions": {"validate_payload": {"executed_lines": [44, 45, 46], "summary": {"covered_lines": 3, "num_statements": 3, "percent_covered": 100.0, "percent_covered_display": "100", "missing_lines": 0, "excluded_lines": 0, "percent_statements_covered": 100.0, "percent_statements_covered_display": "100"}, "missing_lines": [], "excluded_lines": [], "start_line": 34}, "validate_payload_structured": {"executed_lines": [62, 63, 65, 66, 67, 68, 69, 70, 71, 73, 74, 75, 76, 78, 79, 80, 82, 83, 84, 85, 87, 88, 89, 90, 91, 93, 94, 95, 96, 98, 99, 100, 101, 103, 104, 105, 106, 108, 109, 110, 111, 113, 114, 115, 116, 118, 119, 120, 122, 123, 124, 125, 127, 139], "summary": {"covered_lines": 54, "num_statements": 54, "percent_covered": 100.0, "percent_covered_display": "100", "missing_lines": 0, "excluded_lines": 0, "percent_statements_covered": 100.0, "percent_statements_covered_display": "100"}, "missing_lines": [], "excluded_lines": [], "start_line": 49}, "_classify_error": {"executed_lines": [144, 165], "summary": {"covered_lines": 2, "num_statements": 2, "percent_covered": 100.0, "percent_covered_display": "100", "missing_lines": 0, "excluded_lines": 0, "percent_statements_covered": 100.0, "percent_statements_covered_display": "100"}, "missing_lines": [], "excluded_lines": [], "start_line": 142}, "format_structured_errors": {"executed_lines": [177, 178, 179, 181, 182, 183, 184, 186, 187, 189, 196, 197, 199, 200, 202], "summary": {"covered_lines": 15, "num_statements": 15, "percent_covered": 100.0, "percent_covered_display": "100", "missing_lines": 0, "excluded_lines": 0, "percent_statements_covered": 100.0, "percent_statements_covered_display": "100"}, "missing_lines": [], "excluded_lines": [], "start_line": 168}, "": {"executed_lines": [3, 5, 7, 10, 11, 25, 26, 27, 28, 29, 30, 31, 34, 49, 142, 168], "summary": {"covered_lines": 16, "num_statements": 16, "percent_covered": 100.0, "percent_covered_display": "100", "missing_lines": 0, "excluded_lines": 0, "percent_statements_covered": 100.0, "percent_statements_covered_display": "100"}, "missing_lines": [], "excluded_lines": [], "start_line": 1}}, "classes": {"ValidationError": {"executed_lines": [], "summary": {"covered_lines": 0, "num_statements": 0, "percent_covered": 100.0, "percent_covered_display": "100", "missing_lines": 0, "excluded_lines": 0, "percent_statements_covered": 100.0, "percent_statements_covered_display": "100"}, "missing_lines": [], "excluded_lines": [], "start_line": 11}, "": {"executed_lines": [3, 5, 7, 10, 11, 25, 26, 27, 28, 29, 30, 31, 34, 44, 45, 46, 49, 62, 63, 65, 66, 67, 68, 69, 70, 71, 73, 74, 75, 76, 78, 79, 80, 82, 83, 84, 85, 87, 88, 89, 90, 91, 93, 94, 95, 96, 98, 99, 100, 101, 103, 104, 105, 106, 108, 109, 110, 111, 113, 114, 115, 116, 118, 119, 120, 122, 123, 124, 125, 127, 139, 142, 144, 165, 168, 177, 178, 179, 181, 182, 183, 184, 186, 187, 189, 196, 197, 199, 200, 202], "summary": {"covered_lines": 90, "num_statements": 90, "percent_covered": 100.0, "percent_covered_display": "100", "missing_lines": 0, "excluded_lines": 0, "percent_statements_covered": 100.0, "percent_statements_covered_display": "100"}, "missing_lines": [], "excluded_lines": [], "start_line": 1}}}, "src/aws_cli_mcp/utils/serialization.py": {"executed_lines": [3, 5, 6, 7, 10, 12, 13, 14, 17, 18, 19, 20, 21, 22, 23, 24, 27, 28, 29, 30, 31, 32, 33, 34, 35, 36, 37, 38, 39, 42, 43, 44, 45, 46, 48], "summary": {"covered_lines": 35, "num_statements": 35, "percent_covered": 100.0, "percent_covered_display": "100", "missing_lines": 0, "excluded_lines": 0, "percent_statements_covered": 100.0, "percent_statements_covered_display": "100"}, "missing_lines": [], "excluded_lines": [], "functions": {"json_default": {"executed_lines": [12, 13, 14, 17, 18, 19, 20, 21, 22, 23, 24, 27, 28, 29, 30, 31, 32, 33, 34, 35, 36, 37, 38, 39, 42, 43, 44, 45, 46, 48], "summary": {"covered_lines": 30, "num_statements": 30, "percent_covered": 100.0, "percent_covered_display": "100", "missing_lines": 0, "excluded_lines": 0, "percent_statements_covered": 100.0, "percent_statements_covered_display": "100"}, "missing_lines": [], "excluded_lines": [], "start_line": 10}, "": {"executed_lines": [3, 5, 6, 7, 10], "summary": {"covered_lines": 5, "num_statements": 5, "percent_covered": 100.0, "percent_covered_display": "100", "missing_lines": 0, "excluded_lines": 0, "percent_statements_covered": 100.0, "percent_statements_covered_display": "100"}, "missing_lines": [], "excluded_lines": [], "start_line": 1}}, "classes": {"": {"executed_lines": [3, 5, 6, 7, 10, 12, 13, 14, 17, 18, 19, 20, 21, 22, 23, 24, 27, 28, 29, 30, 31, 32, 33, 34, 35, 36, 37, 38, 39, 42, 43, 44, 45, 46, 48], "summary": {"covered_lines": 35, "num_statements": 35, "percent_covered": 100.0, "percent_covered_display": "100", "missing_lines": 0, "excluded_lines": 0, "percent_statements_covered": 100.0, "percent_statements_covered_display": "100"}, "missing_lines": [], "excluded_lines": [], "start_line": 1}}}, "src/aws_cli_mcp/utils/time.py": {"executed_lines": [3, 5, 8, 9, 12, 13], "summary": {"covered_lines": 6, "num_statements": 6, "percent_covered": 100.0, "percent_covered_display": "100", "missing_lines": 0, "excluded_lines": 0, "percent_statements_covered": 100.0, "percent_statements_covered_display": "100"}, "missing_lines": [], "excluded_lines": [], "functions": {"utc_now": {"executed_lines": [9], "summary": {"covered_lines": 1, "num_statements": 1, "percent_covered": 100.0, "percent_covered_display": "100", "missing_lines": 0, "excluded_lines": 0, "percent_statements_covered": 100.0, "percent_statements_covered_display": "100"}, "missing_lines": [], "excluded_lines": [], "start_line": 8}, "utc_now_iso": {"executed_lines": [13], "summary": {"covered_lines": 1, "num_statements": 1, "percent_covered": 100.0, "percent_covered_display": "100", "missing_lines": 0, "excluded_lines": 0, "percent_statements_covered": 100.0, "percent_statements_covered_display": "100"}, "missing_lines": [], "excluded_lines": [], "start_line": 12}, "": {"executed_lines": [3, 5, 8, 12], "summary": {"covered_lines": 4, "num_statements": 4, "percent_covered": 100.0, "percent_covered_display": "100", "missing_lines": 0, "excluded_lines": 0, "percent_statements_covered": 100.0, "percent_statements_covered_display": "100"}, "missing_lines": [], "excluded_lines": [], "start_line": 1}}, "classes": {"": {"executed_lines": [3, 5, 8, 9, 12, 13], "summary": {"covered_lines": 6, "num_statements": 6, "percent_covered": 100.0, "percent_covered_display": "100", "missing_lines": 0, "excluded_lines": 0, "percent_statements_covered": 100.0, "percent_statements_covered_display": "100"}, "missing_lines": [], "excluded_lines": [], "start_line": 1}}}}, "totals": {"covered_lines": 3429, "num_statements": 3949, "percent_covered": 86.83210939478349, "percent_covered_display": "87", "missing_lines": 520, "excluded_lines": 69, "percent_statements_covered": 86.83210939478349, "percent_statements_covered_display": "87"}}